
Using cpu device
---------------------------------
| rollout/           |          |
|    ep_len_mean     | 1e+03    |
|    ep_rew_mean     | -500     |
| time/              |          |
|    fps             | 398      |
|    iterations      | 1        |
|    time_elapsed    | 5        |
|    total_timesteps | 2048     |
---------------------------------
-----------------------------------------
| rollout/                |             |
|    ep_len_mean          | 1e+03       |
|    ep_rew_mean          | -500        |
| time/                   |             |
|    fps                  | 151         |
|    iterations           | 2           |
|    time_elapsed         | 26          |
|    total_timesteps      | 4096        |
| train/                  |             |
|    approx_kl            | 0.008813606 |
|    clip_fraction        | 0.0371      |
|    clip_range           | 0.2         |
|    entropy_loss         | -1.09       |
|    explained_variance   | 0.0154      |
|    learning_rate        | 0.0003      |
|    loss                 | 0.686       |
|    n_updates            | 10          |
|    policy_gradient_loss | -0.000875   |
|    value_loss           | 5.08        |
-----------------------------------------
------------------------------------------
| rollout/                |              |
|    ep_len_mean          | 1e+03        |
|    ep_rew_mean          | -492         |
| time/                   |              |
|    fps                  | 108          |
|    iterations           | 3            |
|    time_elapsed         | 56           |
|    total_timesteps      | 6144         |
| train/                  |              |
|    approx_kl            | 0.0023479934 |
|    clip_fraction        | 0.0157       |
|    clip_range           | 0.2          |
|    entropy_loss         | -1.09        |
|    explained_variance   | 0.0835       |
|    learning_rate        | 0.0003       |
|    loss                 | 0.289        |
|    n_updates            | 20           |
|    policy_gradient_loss | -0.000136    |
|    value_loss           | 11.4         |
------------------------------------------
-----------------------------------------
| rollout/                |             |
|    ep_len_mean          | 1e+03       |
|    ep_rew_mean          | -485        |
| time/                   |             |
|    fps                  | 95          |
|    iterations           | 4           |
|    time_elapsed         | 85          |
|    total_timesteps      | 8192        |
| train/                  |             |
|    approx_kl            | 0.011026876 |
|    clip_fraction        | 0.0321      |
|    clip_range           | 0.2         |
|    entropy_loss         | -1.06       |
|    explained_variance   | 0.0252      |
|    learning_rate        | 0.0003      |
|    loss                 | 6.09        |
|    n_updates            | 30          |
|    policy_gradient_loss | -0.00119    |
|    value_loss           | 13.8        |
-----------------------------------------
Num timesteps: 10000
Best mean reward: -inf - Last mean reward per episode: -461.00
Saving new best model at 10000 timesteps
Saving new best model to ./logs/Freeway-GNN-training/best_model.zip
------------------------------------------
| rollout/                |              |
|    ep_len_mean          | 1e+03        |
|    ep_rew_mean          | -461         |
| time/                   |              |
|    fps                  | 91           |
|    iterations           | 5            |
|    time_elapsed         | 111          |
|    total_timesteps      | 10240        |
| train/                  |              |
|    approx_kl            | 0.0115555525 |
|    clip_fraction        | 0.118        |
|    clip_range           | 0.2          |
|    entropy_loss         | -1.02        |
|    explained_variance   | 9.54e-07     |
|    learning_rate        | 0.0003       |
|    loss                 | 6.31         |
|    n_updates            | 40           |
|    policy_gradient_loss | -0.00778     |
|    value_loss           | 16.3         |
------------------------------------------
-----------------------------------------
| rollout/                |             |
|    ep_len_mean          | 1e+03       |
|    ep_rew_mean          | -437        |
| time/                   |             |
|    fps                  | 86          |
|    iterations           | 6           |
|    time_elapsed         | 142         |
|    total_timesteps      | 12288       |
| train/                  |             |
|    approx_kl            | 0.006189067 |
|    clip_fraction        | 0.0764      |
|    clip_range           | 0.2         |
|    entropy_loss         | -0.919      |
|    explained_variance   | -3.7e-06    |
|    learning_rate        | 0.0003      |
|    loss                 | 16.2        |
|    n_updates            | 50          |
|    policy_gradient_loss | -0.00458    |
|    value_loss           | 31.1        |
-----------------------------------------
----------------------------------------
| rollout/                |            |
|    ep_len_mean          | 1e+03      |
|    ep_rew_mean          | -407       |
| time/                   |            |
|    fps                  | 84         |
|    iterations           | 7          |
|    time_elapsed         | 170        |
|    total_timesteps      | 14336      |
| train/                  |            |
|    approx_kl            | 0.01147241 |
|    clip_fraction        | 0.0561     |
|    clip_range           | 0.2        |
|    entropy_loss         | -0.85      |
|    explained_variance   | -1.19e-07  |
|    learning_rate        | 0.0003     |
|    loss                 | 27.9       |
|    n_updates            | 60         |
|    policy_gradient_loss | -0.00367   |
|    value_loss           | 37.6       |
----------------------------------------
-----------------------------------------
| rollout/                |             |
|    ep_len_mean          | 1e+03       |
|    ep_rew_mean          | -386        |
| time/                   |             |
|    fps                  | 81          |
|    iterations           | 8           |
|    time_elapsed         | 200         |
|    total_timesteps      | 16384       |
| train/                  |             |
|    approx_kl            | 0.007914605 |
|    clip_fraction        | 0.0377      |
|    clip_range           | 0.2         |
|    entropy_loss         | -0.775      |
|    explained_variance   | -1.19e-07   |
|    learning_rate        | 0.0003      |
|    loss                 | 16.7        |
|    n_updates            | 70          |
|    policy_gradient_loss | -0.00126    |
|    value_loss           | 47.1        |
-----------------------------------------
-----------------------------------------
| rollout/                |             |
|    ep_len_mean          | 1e+03       |
|    ep_rew_mean          | -366        |
| time/                   |             |
|    fps                  | 80          |
|    iterations           | 9           |
|    time_elapsed         | 229         |
|    total_timesteps      | 18432       |
| train/                  |             |
|    approx_kl            | 0.007791811 |
|    clip_fraction        | 0.103       |
|    clip_range           | 0.2         |
|    entropy_loss         | -0.66       |
|    explained_variance   | 0           |
|    learning_rate        | 0.0003      |
|    loss                 | 21.5        |
|    n_updates            | 80          |
|    policy_gradient_loss | -0.00677    |
|    value_loss           | 45          |
-----------------------------------------
Num timesteps: 20000
Best mean reward: -461.00 - Last mean reward per episode: -349.00
Saving new best model at 20000 timesteps
Saving new best model to ./logs/Freeway-GNN-training/best_model.zip
-------------------------------------------
| rollout/                |               |
|    ep_len_mean          | 1e+03         |
|    ep_rew_mean          | -349          |
| time/                   |               |
|    fps                  | 78            |
|    iterations           | 10            |
|    time_elapsed         | 259           |
|    total_timesteps      | 20480         |
| train/                  |               |
|    approx_kl            | 0.00063035125 |
|    clip_fraction        | 0.02          |
|    clip_range           | 0.2           |
|    entropy_loss         | -0.619        |
|    explained_variance   | 0             |
|    learning_rate        | 0.0003        |
|    loss                 | 17.1          |
|    n_updates            | 90            |
|    policy_gradient_loss | -0.000919     |
|    value_loss           | 45.5          |
-------------------------------------------
------------------------------------------
| rollout/                |              |
|    ep_len_mean          | 1e+03        |
|    ep_rew_mean          | -331         |
| time/                   |              |
|    fps                  | 77           |
|    iterations           | 11           |
|    time_elapsed         | 291          |
|    total_timesteps      | 22528        |
| train/                  |              |
|    approx_kl            | 0.0031865286 |
|    clip_fraction        | 0.0587       |
|    clip_range           | 0.2          |
|    entropy_loss         | -0.565       |
|    explained_variance   | 0            |
|    learning_rate        | 0.0003       |
|    loss                 | 21.9         |
|    n_updates            | 100          |
|    policy_gradient_loss | -0.00157     |
|    value_loss           | 48.5         |
------------------------------------------
------------------------------------------
| rollout/                |              |
|    ep_len_mean          | 1e+03        |
|    ep_rew_mean          | -324         |
| time/                   |              |
|    fps                  | 75           |
|    iterations           | 12           |
|    time_elapsed         | 325          |
|    total_timesteps      | 24576        |
| train/                  |              |
|    approx_kl            | 0.0004370998 |
|    clip_fraction        | 0.00449      |
|    clip_range           | 0.2          |
|    entropy_loss         | -0.55        |
|    explained_variance   | 0            |
|    learning_rate        | 0.0003       |
|    loss                 | 27           |
|    n_updates            | 110          |
|    policy_gradient_loss | -0.00013     |
|    value_loss           | 44.6         |
------------------------------------------
------------------------------------------
| rollout/                |              |
|    ep_len_mean          | 1e+03        |
|    ep_rew_mean          | -312         |
| time/                   |              |
|    fps                  | 72           |
|    iterations           | 13           |
|    time_elapsed         | 366          |
|    total_timesteps      | 26624        |
| train/                  |              |
|    approx_kl            | 0.0017101362 |
|    clip_fraction        | 0.0228       |
|    clip_range           | 0.2          |
|    entropy_loss         | -0.569       |
|    explained_variance   | 0            |
|    learning_rate        | 0.0003       |
|    loss                 | 13.8         |
|    n_updates            | 120          |
|    policy_gradient_loss | -0.00091     |
|    value_loss           | 41.3         |
------------------------------------------
------------------------------------------
| rollout/                |              |
|    ep_len_mean          | 1e+03        |
|    ep_rew_mean          | -300         |
| time/                   |              |
|    fps                  | 70           |
|    iterations           | 14           |
|    time_elapsed         | 404          |
|    total_timesteps      | 28672        |
| train/                  |              |
|    approx_kl            | 0.0032553254 |
|    clip_fraction        | 0.0263       |
|    clip_range           | 0.2          |
|    entropy_loss         | -0.567       |
|    explained_variance   | 0            |
|    learning_rate        | 0.0003       |
|    loss                 | 19.2         |
|    n_updates            | 130          |
|    policy_gradient_loss | -0.00149     |
|    value_loss           | 47.9         |
------------------------------------------
Num timesteps: 30000
Best mean reward: -349.00 - Last mean reward per episode: -289.00
Saving new best model at 30000 timesteps
Saving new best model to ./logs/Freeway-GNN-training/best_model.zip
------------------------------------------
| rollout/                |              |
|    ep_len_mean          | 1e+03        |
|    ep_rew_mean          | -289         |
| time/                   |              |
|    fps                  | 69           |
|    iterations           | 15           |
|    time_elapsed         | 442          |
|    total_timesteps      | 30720        |
| train/                  |              |
|    approx_kl            | 0.0043579647 |
|    clip_fraction        | 0.0425       |
|    clip_range           | 0.2          |
|    entropy_loss         | -0.494       |
|    explained_variance   | -1.19e-07    |
|    learning_rate        | 0.0003       |
|    loss                 | 35.3         |
|    n_updates            | 140          |
|    policy_gradient_loss | -0.00295     |
|    value_loss           | 56.6         |
------------------------------------------
------------------------------------------
| rollout/                |              |
|    ep_len_mean          | 1e+03        |
|    ep_rew_mean          | -280         |
| time/                   |              |
|    fps                  | 69           |
|    iterations           | 16           |
|    time_elapsed         | 470          |
|    total_timesteps      | 32768        |
| train/                  |              |
|    approx_kl            | 0.0039877435 |
|    clip_fraction        | 0.076        |
|    clip_range           | 0.2          |
|    entropy_loss         | -0.417       |
|    explained_variance   | 0            |
|    learning_rate        | 0.0003       |
|    loss                 | 18.8         |
|    n_updates            | 150          |
|    policy_gradient_loss | -0.0043      |
|    value_loss           | 46.3         |
------------------------------------------
------------------------------------------
| rollout/                |              |
|    ep_len_mean          | 1e+03        |
|    ep_rew_mean          | -270         |
| time/                   |              |
|    fps                  | 69           |
|    iterations           | 17           |
|    time_elapsed         | 499          |
|    total_timesteps      | 34816        |
| train/                  |              |
|    approx_kl            | 7.860176e-05 |
|    clip_fraction        | 0.0022       |
|    clip_range           | 0.2          |
|    entropy_loss         | -0.422       |
|    explained_variance   | 0            |
|    learning_rate        | 0.0003       |
|    loss                 | 21.6         |
|    n_updates            | 160          |
|    policy_gradient_loss | 0.000294     |
|    value_loss           | 47.9         |
------------------------------------------
-------------------------------------------
| rollout/                |               |
|    ep_len_mean          | 1e+03         |
|    ep_rew_mean          | -259          |
| time/                   |               |
|    fps                  | 69            |
|    iterations           | 18            |
|    time_elapsed         | 529           |
|    total_timesteps      | 36864         |
| train/                  |               |
|    approx_kl            | 0.00065340573 |
|    clip_fraction        | 0.00933       |
|    clip_range           | 0.2           |
|    entropy_loss         | -0.366        |
|    explained_variance   | 0             |
|    learning_rate        | 0.0003        |
|    loss                 | 23.9          |
|    n_updates            | 170           |
|    policy_gradient_loss | -0.000221     |
|    value_loss           | 51            |
-------------------------------------------
------------------------------------------
| rollout/                |              |
|    ep_len_mean          | 1e+03        |
|    ep_rew_mean          | -252         |
| time/                   |              |
|    fps                  | 69           |
|    iterations           | 19           |
|    time_elapsed         | 561          |
|    total_timesteps      | 38912        |
| train/                  |              |
|    approx_kl            | 0.0020507015 |
|    clip_fraction        | 0.00781      |
|    clip_range           | 0.2          |
|    entropy_loss         | -0.36        |
|    explained_variance   | 1.19e-07     |
|    learning_rate        | 0.0003       |
|    loss                 | 22.2         |
|    n_updates            | 180          |
|    policy_gradient_loss | -0.000665    |
|    value_loss           | 42.5         |
------------------------------------------
Num timesteps: 40000
Best mean reward: -289.00 - Last mean reward per episode: -246.50
Saving new best model at 40000 timesteps
Saving new best model to ./logs/Freeway-GNN-training/best_model.zip
------------------------------------------
| rollout/                |              |
|    ep_len_mean          | 1e+03        |
|    ep_rew_mean          | -246         |
| time/                   |              |
|    fps                  | 68           |
|    iterations           | 20           |
|    time_elapsed         | 595          |
|    total_timesteps      | 40960        |
| train/                  |              |
|    approx_kl            | 0.0013946833 |
|    clip_fraction        | 0.0127       |
|    clip_range           | 0.2          |
|    entropy_loss         | -0.321       |
|    explained_variance   | 0            |
|    learning_rate        | 0.0003       |
|    loss                 | 21.3         |
|    n_updates            | 190          |
|    policy_gradient_loss | -0.00122     |
|    value_loss           | 53.9         |
------------------------------------------
-------------------------------------------
| rollout/                |               |
|    ep_len_mean          | 1e+03         |
|    ep_rew_mean          | -236          |
| time/                   |               |
|    fps                  | 68            |
|    iterations           | 21            |
|    time_elapsed         | 626           |
|    total_timesteps      | 43008         |
| train/                  |               |
|    approx_kl            | 0.00014576298 |
|    clip_fraction        | 0.00557       |
|    clip_range           | 0.2           |
|    entropy_loss         | -0.31         |
|    explained_variance   | 5.96e-08      |
|    learning_rate        | 0.0003        |
|    loss                 | 26.5          |
|    n_updates            | 200           |
|    policy_gradient_loss | 0.000176      |
|    value_loss           | 52            |
-------------------------------------------
------------------------------------------
| rollout/                |              |
|    ep_len_mean          | 1e+03        |
|    ep_rew_mean          | -231         |
| time/                   |              |
|    fps                  | 68           |
|    iterations           | 22           |
|    time_elapsed         | 658          |
|    total_timesteps      | 45056        |
| train/                  |              |
|    approx_kl            | 0.0015465602 |
|    clip_fraction        | 0.024        |
|    clip_range           | 0.2          |
|    entropy_loss         | -0.287       |
|    explained_variance   | 0            |
|    learning_rate        | 0.0003       |
|    loss                 | 17.6         |
|    n_updates            | 210          |
|    policy_gradient_loss | -0.00179     |
|    value_loss           | 50           |
------------------------------------------
------------------------------------------
| rollout/                |              |
|    ep_len_mean          | 1e+03        |
|    ep_rew_mean          | -221         |
| time/                   |              |
|    fps                  | 68           |
|    iterations           | 23           |
|    time_elapsed         | 691          |
|    total_timesteps      | 47104        |
| train/                  |              |
|    approx_kl            | 0.0009746985 |
|    clip_fraction        | 0.0145       |
|    clip_range           | 0.2          |
|    entropy_loss         | -0.264       |
|    explained_variance   | 0            |
|    learning_rate        | 0.0003       |
|    loss                 | 19.8         |
|    n_updates            | 220          |
|    policy_gradient_loss | -0.000364    |
|    value_loss           | 52.6         |
------------------------------------------
------------------------------------------
| rollout/                |              |
|    ep_len_mean          | 1e+03        |
|    ep_rew_mean          | -215         |
| time/                   |              |
|    fps                  | 67           |
|    iterations           | 24           |
|    time_elapsed         | 724          |
|    total_timesteps      | 49152        |
| train/                  |              |
|    approx_kl            | 0.0011115298 |
|    clip_fraction        | 0.0118       |
|    clip_range           | 0.2          |
|    entropy_loss         | -0.222       |
|    explained_variance   | 0            |
|    learning_rate        | 0.0003       |
|    loss                 | 23.9         |
|    n_updates            | 230          |
|    policy_gradient_loss | -0.00101     |
|    value_loss           | 55.6         |
------------------------------------------
Traceback (most recent call last):
  File "/Users/rishubbhatia/miniforge3/envs/games/lib/python3.10/site-packages/torch_geometric/data/storage.py", line 94, in __getattr__
    return self[key]
  File "/Users/rishubbhatia/miniforge3/envs/games/lib/python3.10/site-packages/torch_geometric/data/storage.py", line 118, in __getitem__
    return self._mapping[key]
KeyError: '_cached_attr'
During handling of the above exception, another exception occurred:
Traceback (most recent call last):
  File "/Users/rishubbhatia/miniforge3/envs/games/lib/python3.10/runpy.py", line 196, in _run_module_as_main
    return _run_code(code, main_globals, None,
  File "/Users/rishubbhatia/miniforge3/envs/games/lib/python3.10/runpy.py", line 86, in _run_code
    exec(code, run_globals)
  File "/Users/rishubbhatia/Documents/master thesis/Master-Thesis-GNN/games/freeway/run_supervised_gnn.py", line 291, in <module>
    model.learn(total_timesteps=1000000, callback=[WandbCallback(), save_callback])
  File "/Users/rishubbhatia/miniforge3/envs/games/lib/python3.10/site-packages/stable_baselines3/ppo/ppo.py", line 315, in learn
    return super().learn(
  File "/Users/rishubbhatia/miniforge3/envs/games/lib/python3.10/site-packages/stable_baselines3/common/on_policy_algorithm.py", line 313, in learn
    self.train()
  File "/Users/rishubbhatia/miniforge3/envs/games/lib/python3.10/site-packages/stable_baselines3/ppo/ppo.py", line 217, in train
    values, log_prob, entropy = self.policy.evaluate_actions(rollout_data.observations, actions)
  File "/Users/rishubbhatia/miniforge3/envs/games/lib/python3.10/site-packages/stable_baselines3/common/policies.py", line 730, in evaluate_actions
    features = self.extract_features(obs)
  File "/Users/rishubbhatia/miniforge3/envs/games/lib/python3.10/site-packages/stable_baselines3/common/policies.py", line 672, in extract_features
    return super().extract_features(obs, self.features_extractor if features_extractor is None else features_extractor)
  File "/Users/rishubbhatia/miniforge3/envs/games/lib/python3.10/site-packages/stable_baselines3/common/policies.py", line 131, in extract_features
    return features_extractor(preprocessed_obs)
  File "/Users/rishubbhatia/miniforge3/envs/games/lib/python3.10/site-packages/torch/nn/modules/module.py", line 1532, in _wrapped_call_impl
    return self._call_impl(*args, **kwargs)
  File "/Users/rishubbhatia/miniforge3/envs/games/lib/python3.10/site-packages/torch/nn/modules/module.py", line 1541, in _call_impl
    return forward_call(*args, **kwargs)
  File "/Users/rishubbhatia/Documents/master thesis/Master-Thesis-GNN/games/model/policy.py", line 43, in forward
    pyg_data = self.encoder.encode(observations)
  File "/Users/rishubbhatia/Documents/master thesis/Master-Thesis-GNN/games/encoder/GraphEncoder.py", line 495, in encode
    return Batch.from_data_list(self.to_pyg_data(batch_data))
  File "/Users/rishubbhatia/Documents/master thesis/Master-Thesis-GNN/games/encoder/GraphEncoder.py", line 548, in to_pyg_data
    data[edge_type].edge_index = edge_tensor
  File "/Users/rishubbhatia/miniforge3/envs/games/lib/python3.10/site-packages/torch_geometric/data/storage.py", line 103, in __setattr__
    propobj.fset(self, value)
  File "/Users/rishubbhatia/miniforge3/envs/games/lib/python3.10/site-packages/torch_geometric/data/storage.py", line 569, in edge_index
    self['edge_index'] = edge_index
  File "/Users/rishubbhatia/miniforge3/envs/games/lib/python3.10/site-packages/torch_geometric/data/storage.py", line 121, in __setitem__
    self._pop_cache(key)
  File "/Users/rishubbhatia/miniforge3/envs/games/lib/python3.10/site-packages/torch_geometric/data/storage.py", line 83, in _pop_cache
    for cache in getattr(self, '_cached_attr', {}).values():
  File "/Users/rishubbhatia/miniforge3/envs/games/lib/python3.10/site-packages/torch_geometric/data/storage.py", line 96, in __getattr__
    raise AttributeError(
KeyboardInterrupt