/Users/rishubbhatia/miniforge3/envs/games/lib/python3.10/site-packages/gymnasium/core.py:311: UserWarning: [33mWARN: env.seed to get variables from other wrappers is deprecated and will be removed in v1.0, to get this variable you can do `env.unwrapped.seed` for environment variables or `env.get_wrapper_attr('seed')` that will search the reminding wrappers.
  logger.warn(
Using cpu device
Num timesteps: 1000
Best mean reward: -inf - Last mean reward per episode: -805.61
Saving new best model at 113000 timesteps
Saving new best model to ./logs/Freeway-GNN-training/best_model.zip
/Users/rishubbhatia/miniforge3/envs/games/lib/python3.10/site-packages/stable_baselines3/common/monitor.py:250: FutureWarning: The behavior of DataFrame concatenation with empty or all-NA entries is deprecated. In a future version, this will no longer exclude empty or all-NA columns when determining the result dtypes. To retain the old behavior, exclude the relevant entries before the concat operation.
  data_frame = pandas.concat(data_frames)
/Users/rishubbhatia/miniforge3/envs/games/lib/python3.10/site-packages/stable_baselines3/common/monitor.py:250: FutureWarning: The behavior of DataFrame concatenation with empty or all-NA entries is deprecated. In a future version, this will no longer exclude empty or all-NA columns when determining the result dtypes. To retain the old behavior, exclude the relevant entries before the concat operation.
  data_frame = pandas.concat(data_frames)
Num timesteps: 2000
Best mean reward: -805.61 - Last mean reward per episode: -798.33
Saving new best model at 114000 timesteps
Saving new best model to ./logs/Freeway-GNN-training/best_model.zip
---------------------------------
| rollout/           |          |
|    ep_len_mean     | 1e+03    |
|    ep_rew_mean     | -500     |
| time/              |          |
|    fps             | 265      |
|    iterations      | 1        |
|    time_elapsed    | 7        |
|    total_timesteps | 2048     |
---------------------------------
/Users/rishubbhatia/miniforge3/envs/games/lib/python3.10/site-packages/stable_baselines3/common/monitor.py:250: FutureWarning: The behavior of DataFrame concatenation with empty or all-NA entries is deprecated. In a future version, this will no longer exclude empty or all-NA columns when determining the result dtypes. To retain the old behavior, exclude the relevant entries before the concat operation.
  data_frame = pandas.concat(data_frames)
Num timesteps: 3000
Best mean reward: -798.33 - Last mean reward per episode: -791.40
Saving new best model at 115000 timesteps
Saving new best model to ./logs/Freeway-GNN-training/best_model.zip
/Users/rishubbhatia/miniforge3/envs/games/lib/python3.10/site-packages/stable_baselines3/common/monitor.py:250: FutureWarning: The behavior of DataFrame concatenation with empty or all-NA entries is deprecated. In a future version, this will no longer exclude empty or all-NA columns when determining the result dtypes. To retain the old behavior, exclude the relevant entries before the concat operation.
  data_frame = pandas.concat(data_frames)
Num timesteps: 4000
Best mean reward: -791.40 - Last mean reward per episode: -784.77
Saving new best model at 116000 timesteps
Saving new best model to ./logs/Freeway-GNN-training/best_model.zip
-----------------------------------------
| rollout/                |             |
|    ep_len_mean          | 1e+03       |
|    ep_rew_mean          | -500        |
| time/                   |             |
|    fps                  | 106         |
|    iterations           | 2           |
|    time_elapsed         | 38          |
|    total_timesteps      | 4096        |
| train/                  |             |
|    approx_kl            | 0.008892443 |
|    clip_fraction        | 0.0443      |
|    clip_range           | 0.2         |
|    entropy_loss         | -1.09       |
|    explained_variance   | 0.000647    |
|    learning_rate        | 0.0003      |
|    loss                 | 0.975       |
|    n_updates            | 10          |
|    policy_gradient_loss | -0.000781   |
|    value_loss           | 5.03        |
-----------------------------------------
/Users/rishubbhatia/miniforge3/envs/games/lib/python3.10/site-packages/stable_baselines3/common/monitor.py:250: FutureWarning: The behavior of DataFrame concatenation with empty or all-NA entries is deprecated. In a future version, this will no longer exclude empty or all-NA columns when determining the result dtypes. To retain the old behavior, exclude the relevant entries before the concat operation.
  data_frame = pandas.concat(data_frames)
Num timesteps: 5000
Best mean reward: -784.77 - Last mean reward per episode: -778.44
Saving new best model at 117000 timesteps
Saving new best model to ./logs/Freeway-GNN-training/best_model.zip
Eval num_timesteps=5000, episode_reward=-500.00 +/- 0.00
Episode length: 1000.00 +/- 0.00
-------------------------------------------
| eval/                   |               |
|    mean_ep_length       | 1e+03         |
|    mean_reward          | -500          |
| time/                   |               |
|    total_timesteps      | 5000          |
| train/                  |               |
|    approx_kl            | 0.00016617132 |
|    clip_fraction        | 0             |
|    clip_range           | 0.2           |
|    entropy_loss         | -1.09         |
|    explained_variance   | 0.000444      |
|    learning_rate        | 0.0003        |
|    loss                 | 0.133         |
|    n_updates            | 20            |
|    policy_gradient_loss | 0.000448      |
|    value_loss           | 16.3          |
-------------------------------------------
New best mean reward!
/Users/rishubbhatia/miniforge3/envs/games/lib/python3.10/site-packages/stable_baselines3/common/monitor.py:250: FutureWarning: The behavior of DataFrame concatenation with empty or all-NA entries is deprecated. In a future version, this will no longer exclude empty or all-NA columns when determining the result dtypes. To retain the old behavior, exclude the relevant entries before the concat operation.
  data_frame = pandas.concat(data_frames)
Num timesteps: 6000
Best mean reward: -778.44 - Last mean reward per episode: -745.69
Saving new best model at 123000 timesteps
Saving new best model to ./logs/Freeway-GNN-training/best_model.zip
---------------------------------
| rollout/           |          |
|    ep_len_mean     | 1e+03    |
|    ep_rew_mean     | -500     |
| time/              |          |
|    fps             | 71       |
|    iterations      | 3        |
|    time_elapsed    | 85       |
|    total_timesteps | 6144     |
---------------------------------
Traceback (most recent call last):
  File "/Users/rishubbhatia/miniforge3/envs/games/lib/python3.10/site-packages/torch_geometric/data/storage.py", line 94, in __getattr__
    return self[key]
  File "/Users/rishubbhatia/miniforge3/envs/games/lib/python3.10/site-packages/torch_geometric/data/storage.py", line 118, in __getitem__
    return self._mapping[key]
KeyError: '_cached_attr'
During handling of the above exception, another exception occurred:
Traceback (most recent call last):
  File "/Users/rishubbhatia/miniforge3/envs/games/lib/python3.10/runpy.py", line 196, in _run_module_as_main
    return _run_code(code, main_globals, None,
  File "/Users/rishubbhatia/miniforge3/envs/games/lib/python3.10/runpy.py", line 86, in _run_code
    exec(code, run_globals)
  File "/Users/rishubbhatia/Documents/master thesis/Master-Thesis-GNN/games/freeway/run_supervised_gnn.py", line 118, in <module>
    main()
  File "/Users/rishubbhatia/Documents/master thesis/Master-Thesis-GNN/games/freeway/run_supervised_gnn.py", line 112, in main
    model.learn(total_timesteps=1000000, callback=[WandbCallback(), save_best_callback, eval_callback])
  File "/Users/rishubbhatia/miniforge3/envs/games/lib/python3.10/site-packages/stable_baselines3/ppo/ppo.py", line 315, in learn
    return super().learn(
  File "/Users/rishubbhatia/miniforge3/envs/games/lib/python3.10/site-packages/stable_baselines3/common/on_policy_algorithm.py", line 313, in learn
    self.train()
  File "/Users/rishubbhatia/miniforge3/envs/games/lib/python3.10/site-packages/stable_baselines3/ppo/ppo.py", line 217, in train
    values, log_prob, entropy = self.policy.evaluate_actions(rollout_data.observations, actions)
  File "/Users/rishubbhatia/miniforge3/envs/games/lib/python3.10/site-packages/stable_baselines3/common/policies.py", line 730, in evaluate_actions
    features = self.extract_features(obs)
  File "/Users/rishubbhatia/miniforge3/envs/games/lib/python3.10/site-packages/stable_baselines3/common/policies.py", line 672, in extract_features
    return super().extract_features(obs, self.features_extractor if features_extractor is None else features_extractor)
  File "/Users/rishubbhatia/miniforge3/envs/games/lib/python3.10/site-packages/stable_baselines3/common/policies.py", line 131, in extract_features
    return features_extractor(preprocessed_obs)
  File "/Users/rishubbhatia/miniforge3/envs/games/lib/python3.10/site-packages/torch/nn/modules/module.py", line 1532, in _wrapped_call_impl
    return self._call_impl(*args, **kwargs)
  File "/Users/rishubbhatia/miniforge3/envs/games/lib/python3.10/site-packages/torch/nn/modules/module.py", line 1541, in _call_impl
    return forward_call(*args, **kwargs)
  File "/Users/rishubbhatia/Documents/master thesis/Master-Thesis-GNN/games/model/policy.py", line 40, in forward
    pyg_data = self.encoder.encode(observations)
  File "/Users/rishubbhatia/Documents/master thesis/Master-Thesis-GNN/games/encoder/GraphEncoder.py", line 340, in encode
    return Batch.from_data_list(self.to_pyg_data(batch_data))
  File "/Users/rishubbhatia/Documents/master thesis/Master-Thesis-GNN/games/encoder/GraphEncoder.py", line 396, in to_pyg_data
    data[edge_type].edge_index = edge_tensor
  File "/Users/rishubbhatia/miniforge3/envs/games/lib/python3.10/site-packages/torch_geometric/data/storage.py", line 103, in __setattr__
    propobj.fset(self, value)
  File "/Users/rishubbhatia/miniforge3/envs/games/lib/python3.10/site-packages/torch_geometric/data/storage.py", line 569, in edge_index
    self['edge_index'] = edge_index
  File "/Users/rishubbhatia/miniforge3/envs/games/lib/python3.10/site-packages/torch_geometric/data/storage.py", line 121, in __setitem__
    self._pop_cache(key)
  File "/Users/rishubbhatia/miniforge3/envs/games/lib/python3.10/site-packages/torch_geometric/data/storage.py", line 83, in _pop_cache
    for cache in getattr(self, '_cached_attr', {}).values():
  File "/Users/rishubbhatia/miniforge3/envs/games/lib/python3.10/site-packages/torch_geometric/data/storage.py", line 96, in __getattr__
    raise AttributeError(
KeyboardInterrupt