Using cpu device
Wrapping the env with a `Monitor` wrapper
Wrapping the env in a DummyVecEnv.
-----------------------------
| time/              |      |
|    fps             | 258  |
|    iterations      | 1    |
|    time_elapsed    | 7    |
|    total_timesteps | 2048 |
-----------------------------
-----------------------------------------
| time/                   |             |
|    fps                  | 73          |
|    iterations           | 2           |
|    time_elapsed         | 55          |
|    total_timesteps      | 4096        |
| train/                  |             |
|    approx_kl            | 0.011158604 |
|    clip_fraction        | 0.0703      |
|    clip_range           | 0.2         |
|    entropy_loss         | -1.09       |
|    explained_variance   | 0.00721     |
|    learning_rate        | 0.0003      |
|    loss                 | 0.178       |
|    n_updates            | 10          |
|    policy_gradient_loss | -0.00228    |
|    value_loss           | 5.51        |
-----------------------------------------
------------------------------------------
| rollout/                |              |
|    ep_len_mean          | 4.1e+03      |
|    ep_rew_mean          | -2.05e+03    |
| time/                   |              |
|    fps                  | 59           |
|    iterations           | 3            |
|    time_elapsed         | 102          |
|    total_timesteps      | 6144         |
| train/                  |              |
|    approx_kl            | 0.0034499415 |
|    clip_fraction        | 0            |
|    clip_range           | 0.2          |
|    entropy_loss         | -1.08        |
|    explained_variance   | 0            |
|    learning_rate        | 0.0003       |
|    loss                 | 0.162        |
|    n_updates            | 20           |
|    policy_gradient_loss | -0.000149    |
|    value_loss           | 14.2         |
------------------------------------------
------------------------------------------
| rollout/                |              |
|    ep_len_mean          | 4.1e+03      |
|    ep_rew_mean          | -2.05e+03    |
| time/                   |              |
|    fps                  | 54           |
|    iterations           | 4            |
|    time_elapsed         | 151          |
|    total_timesteps      | 8192         |
| train/                  |              |
|    approx_kl            | 0.0118593015 |
|    clip_fraction        | 0.0147       |
|    clip_range           | 0.2          |
|    entropy_loss         | -1.07        |
|    explained_variance   | 1.19e-07     |
|    learning_rate        | 0.0003       |
|    loss                 | 0.0621       |
|    n_updates            | 30           |
|    policy_gradient_loss | -0.00085     |
|    value_loss           | 10.5         |
------------------------------------------
-----------------------------------------
| rollout/                |             |
|    ep_len_mean          | 4.1e+03     |
|    ep_rew_mean          | -2.05e+03   |
| time/                   |             |
|    fps                  | 51          |
|    iterations           | 5           |
|    time_elapsed         | 198         |
|    total_timesteps      | 10240       |
| train/                  |             |
|    approx_kl            | 0.012351938 |
|    clip_fraction        | 0.0344      |
|    clip_range           | 0.2         |
|    entropy_loss         | -1.03       |
|    explained_variance   | 0           |
|    learning_rate        | 0.0003      |
|    loss                 | 0.0704      |
|    n_updates            | 40          |
|    policy_gradient_loss | -0.00107    |
|    value_loss           | 6.2         |
-----------------------------------------
Traceback (most recent call last):
  File "/Users/rishubbhatia/miniforge3/envs/games/lib/python3.10/_collections_abc.py", line 830, in __contains__
    self[key]
  File "/Users/rishubbhatia/miniforge3/envs/games/lib/python3.10/site-packages/torch_geometric/data/storage.py", line 118, in __getitem__
    return self._mapping[key]
KeyError: 'num_nodes'
During handling of the above exception, another exception occurred:
Traceback (most recent call last):
  File "/Users/rishubbhatia/miniforge3/envs/games/lib/python3.10/runpy.py", line 196, in _run_module_as_main
    return _run_code(code, main_globals, None,
  File "/Users/rishubbhatia/miniforge3/envs/games/lib/python3.10/runpy.py", line 86, in _run_code
    exec(code, run_globals)
  File "/Users/rishubbhatia/Documents/master thesis/Master-Thesis-GNN/games/freeway/run_supervised_gnn.py", line 70, in <module>
    model.learn(total_timesteps=1000000, callback=[WandbCallback()])
  File "/Users/rishubbhatia/miniforge3/envs/games/lib/python3.10/site-packages/stable_baselines3/ppo/ppo.py", line 315, in learn
    return super().learn(
  File "/Users/rishubbhatia/miniforge3/envs/games/lib/python3.10/site-packages/stable_baselines3/common/on_policy_algorithm.py", line 313, in learn
    self.train()
  File "/Users/rishubbhatia/miniforge3/envs/games/lib/python3.10/site-packages/stable_baselines3/ppo/ppo.py", line 217, in train
    values, log_prob, entropy = self.policy.evaluate_actions(rollout_data.observations, actions)
  File "/Users/rishubbhatia/miniforge3/envs/games/lib/python3.10/site-packages/stable_baselines3/common/policies.py", line 730, in evaluate_actions
    features = self.extract_features(obs)
  File "/Users/rishubbhatia/miniforge3/envs/games/lib/python3.10/site-packages/stable_baselines3/common/policies.py", line 672, in extract_features
    return super().extract_features(obs, self.features_extractor if features_extractor is None else features_extractor)
  File "/Users/rishubbhatia/miniforge3/envs/games/lib/python3.10/site-packages/stable_baselines3/common/policies.py", line 131, in extract_features
    return features_extractor(preprocessed_obs)
  File "/Users/rishubbhatia/miniforge3/envs/games/lib/python3.10/site-packages/torch/nn/modules/module.py", line 1532, in _wrapped_call_impl
    return self._call_impl(*args, **kwargs)
  File "/Users/rishubbhatia/miniforge3/envs/games/lib/python3.10/site-packages/torch/nn/modules/module.py", line 1541, in _call_impl
    return forward_call(*args, **kwargs)
  File "/Users/rishubbhatia/Documents/master thesis/Master-Thesis-GNN/games/model/policy.py", line 40, in forward
    pyg_data = self.encoder.encode(observations)
  File "/Users/rishubbhatia/Documents/master thesis/Master-Thesis-GNN/games/encoder/GraphEncoder.py", line 229, in encode
    return Batch.from_data_list(self.to_pyg_data(batch_data))
  File "/Users/rishubbhatia/miniforge3/envs/games/lib/python3.10/site-packages/torch_geometric/data/batch.py", line 97, in from_data_list
    batch, slice_dict, inc_dict = collate(
  File "/Users/rishubbhatia/miniforge3/envs/games/lib/python3.10/site-packages/torch_geometric/data/collate.py", line 109, in collate
    value, slices, incs = _collate(attr, values, data_list, stores,
  File "/Users/rishubbhatia/miniforge3/envs/games/lib/python3.10/site-packages/torch_geometric/data/collate.py", line 169, in _collate
    incs = get_incs(key, values, data_list, stores)
  File "/Users/rishubbhatia/miniforge3/envs/games/lib/python3.10/site-packages/torch_geometric/data/collate.py", line 321, in get_incs
    repeats = [
  File "/Users/rishubbhatia/miniforge3/envs/games/lib/python3.10/site-packages/torch_geometric/data/collate.py", line 322, in <listcomp>
    data.__inc__(key, value, store)
  File "/Users/rishubbhatia/miniforge3/envs/games/lib/python3.10/site-packages/torch_geometric/data/hetero_data.py", line 349, in __inc__
    return torch.tensor(store.size()).view(2, 1)
  File "/Users/rishubbhatia/miniforge3/envs/games/lib/python3.10/site-packages/torch_geometric/data/storage.py", line 632, in size
    size = (self._parent()[self._key[0]].num_nodes,
  File "/Users/rishubbhatia/miniforge3/envs/games/lib/python3.10/site-packages/torch_geometric/data/storage.py", line 421, in num_nodes
    if 'num_nodes' in self:
  File "/Users/rishubbhatia/miniforge3/envs/games/lib/python3.10/_collections_abc.py", line 830, in __contains__
    self[key]
KeyboardInterrupt