2024-06-03 12:44:21,696 INFO    StreamThr :53598 [internal.py:wandb_internal():85] W&B internal server running at pid: 53598, started at: 2024-06-03 12:44:21.687089
2024-06-03 12:44:21,700 DEBUG   HandlerThread:53598 [handler.py:handle_request():158] handle_request: status
2024-06-03 12:44:21,763 INFO    WriterThread:53598 [datastore.py:open_for_write():87] open: /Users/rishubbhatia/Documents/master thesis/Master-Thesis-GNN/wandb/run-20240603_124421-yhf0qtjb/run-yhf0qtjb.wandb
2024-06-03 12:44:21,765 DEBUG   SenderThread:53598 [sender.py:send():378] send: header
2024-06-03 12:44:21,833 DEBUG   SenderThread:53598 [sender.py:send():378] send: run
2024-06-03 13:00:56,060 INFO    SenderThread:53598 [dir_watcher.py:__init__():211] watching files in: /Users/rishubbhatia/Documents/master thesis/Master-Thesis-GNN/wandb/run-20240603_124421-yhf0qtjb/files
2024-06-03 13:00:56,060 INFO    SenderThread:53598 [sender.py:_start_run_threads():1123] run started: yhf0qtjb with start time 1717411461.734076
2024-06-03 13:00:56,075 DEBUG   HandlerThread:53598 [handler.py:handle_request():158] handle_request: check_version
2024-06-03 13:00:56,076 DEBUG   SenderThread:53598 [sender.py:send_request():405] send_request: check_version
2024-06-03 13:00:57,089 DEBUG   HandlerThread:53598 [handler.py:handle_request():158] handle_request: run_start
2024-06-03 13:00:57,111 DEBUG   HandlerThread:53598 [system_info.py:__init__():26] System info init
2024-06-03 13:00:57,111 DEBUG   HandlerThread:53598 [system_info.py:__init__():41] System info init done
2024-06-03 13:00:57,111 INFO    HandlerThread:53598 [system_monitor.py:start():194] Starting system monitor
2024-06-03 13:00:57,111 INFO    SystemMonitor:53598 [system_monitor.py:_start():158] Starting system asset monitoring threads
2024-06-03 13:00:57,111 INFO    HandlerThread:53598 [system_monitor.py:probe():214] Collecting system info
2024-06-03 13:00:57,112 INFO    SystemMonitor:53598 [interfaces.py:start():188] Started cpu monitoring
2024-06-03 13:00:57,113 INFO    SystemMonitor:53598 [interfaces.py:start():188] Started disk monitoring
2024-06-03 13:00:57,114 INFO    SystemMonitor:53598 [interfaces.py:start():188] Started gpuapple monitoring
2024-06-03 13:00:57,114 INFO    SystemMonitor:53598 [interfaces.py:start():188] Started memory monitoring
2024-06-03 13:00:57,117 INFO    SystemMonitor:53598 [interfaces.py:start():188] Started network monitoring
2024-06-03 13:00:57,418 ERROR   gpuapple  :53598 [gpu_apple.py:sample():110] GPU stats error: Command '['/Users/rishubbhatia/miniforge3/envs/games/lib/python3.10/site-packages/wandb/bin/apple_gpu_stats', '--json']' died with <Signals.SIGTRAP: 5>.
Traceback (most recent call last):
  File "/Users/rishubbhatia/miniforge3/envs/games/lib/python3.10/site-packages/wandb/sdk/internal/system/assets/gpu_apple.py", line 64, in sample
    subprocess.check_output(command, universal_newlines=True)
  File "/Users/rishubbhatia/miniforge3/envs/games/lib/python3.10/subprocess.py", line 421, in check_output
    return run(*popenargs, stdout=PIPE, timeout=timeout, check=True,
  File "/Users/rishubbhatia/miniforge3/envs/games/lib/python3.10/subprocess.py", line 526, in run
    raise CalledProcessError(retcode, process.args,
subprocess.CalledProcessError: Command '['/Users/rishubbhatia/miniforge3/envs/games/lib/python3.10/site-packages/wandb/bin/apple_gpu_stats', '--json']' died with <Signals.SIGTRAP: 5>.
2024-06-03 13:00:57,493 ERROR   HandlerThread:53598 [gpu_apple.py:probe():176] GPU stats error: Command '['/Users/rishubbhatia/miniforge3/envs/games/lib/python3.10/site-packages/wandb/bin/apple_gpu_stats', '--json']' died with <Signals.SIGTRAP: 5>.
Traceback (most recent call last):
  File "/Users/rishubbhatia/miniforge3/envs/games/lib/python3.10/site-packages/wandb/sdk/internal/system/assets/gpu_apple.py", line 164, in probe
    subprocess.check_output(command, universal_newlines=True)
  File "/Users/rishubbhatia/miniforge3/envs/games/lib/python3.10/subprocess.py", line 421, in check_output
    return run(*popenargs, stdout=PIPE, timeout=timeout, check=True,
  File "/Users/rishubbhatia/miniforge3/envs/games/lib/python3.10/subprocess.py", line 526, in run
    raise CalledProcessError(retcode, process.args,
subprocess.CalledProcessError: Command '['/Users/rishubbhatia/miniforge3/envs/games/lib/python3.10/site-packages/wandb/bin/apple_gpu_stats', '--json']' died with <Signals.SIGTRAP: 5>.
2024-06-03 13:00:57,493 DEBUG   HandlerThread:53598 [system_info.py:probe():150] Probing system
2024-06-03 13:00:57,502 DEBUG   HandlerThread:53598 [system_info.py:_probe_git():135] Probing git
2024-06-03 13:00:57,562 DEBUG   HandlerThread:53598 [system_info.py:_probe_git():143] Probing git done
2024-06-03 13:00:57,562 DEBUG   HandlerThread:53598 [system_info.py:probe():198] Probing system done
2024-06-03 13:00:57,562 DEBUG   HandlerThread:53598 [system_monitor.py:probe():223] {'os': 'macOS-14.0-arm64-arm-64bit', 'python': '3.10.14', 'heartbeatAt': '2024-06-03T11:00:57.493853', 'startedAt': '2024-06-03T10:44:21.671172', 'docker': None, 'cuda': None, 'args': (), 'state': 'running', 'program': '-m games.pong.run_supervised', 'codePathLocal': None, 'git': {'remote': 'https://github.com/rb248/Master-Thesis-GNN.git', 'commit': '414fbfbf520713ae3605334f0933526d743a4076'}, 'email': 'rishabhbhatia315@gmail.com', 'root': '/Users/rishubbhatia/Documents/master thesis/Master-Thesis-GNN', 'host': 'rishubs-MacBook-Pro.local', 'username': 'rishubbhatia', 'executable': '/Users/rishubbhatia/miniforge3/envs/games/bin/python', 'cpu_count': 8, 'cpu_count_logical': 8, 'cpu_freq': {'current': 3204, 'min': 600, 'max': 3204}, 'cpu_freq_per_core': [{'current': 3204, 'min': 600, 'max': 3204}], 'disk': {'/': {'total': 228.27386474609375, 'used': 9.143505096435547}}, 'gpuapple': {'type': 'arm', 'vendor': 'Apple'}, 'memory': {'total': 8.0}}
2024-06-03 13:00:57,562 INFO    HandlerThread:53598 [system_monitor.py:probe():224] Finished collecting system info
2024-06-03 13:00:57,562 INFO    HandlerThread:53598 [system_monitor.py:probe():227] Publishing system info
2024-06-03 13:00:57,562 DEBUG   HandlerThread:53598 [system_info.py:_save_conda():207] Saving list of conda packages installed into the current environment
2024-06-03 13:00:58,079 INFO    Thread-12 :53598 [dir_watcher.py:_on_file_created():271] file/dir created: /Users/rishubbhatia/Documents/master thesis/Master-Thesis-GNN/wandb/run-20240603_124421-yhf0qtjb/files/conda-environment.yaml
2024-06-03 13:10:00,554 ERROR   gpuapple  :53598 [gpu_apple.py:sample():110] GPU stats error: Command '['/Users/rishubbhatia/miniforge3/envs/games/lib/python3.10/site-packages/wandb/bin/apple_gpu_stats', '--json']' died with <Signals.SIGTRAP: 5>.
Traceback (most recent call last):
  File "/Users/rishubbhatia/miniforge3/envs/games/lib/python3.10/site-packages/wandb/sdk/internal/system/assets/gpu_apple.py", line 64, in sample
    subprocess.check_output(command, universal_newlines=True)
  File "/Users/rishubbhatia/miniforge3/envs/games/lib/python3.10/subprocess.py", line 421, in check_output
    return run(*popenargs, stdout=PIPE, timeout=timeout, check=True,
  File "/Users/rishubbhatia/miniforge3/envs/games/lib/python3.10/subprocess.py", line 526, in run
    raise CalledProcessError(retcode, process.args,
subprocess.CalledProcessError: Command '['/Users/rishubbhatia/miniforge3/envs/games/lib/python3.10/site-packages/wandb/bin/apple_gpu_stats', '--json']' died with <Signals.SIGTRAP: 5>.
2024-06-03 13:10:02,727 ERROR   gpuapple  :53598 [gpu_apple.py:sample():110] GPU stats error: Command '['/Users/rishubbhatia/miniforge3/envs/games/lib/python3.10/site-packages/wandb/bin/apple_gpu_stats', '--json']' died with <Signals.SIGTRAP: 5>.
Traceback (most recent call last):
  File "/Users/rishubbhatia/miniforge3/envs/games/lib/python3.10/site-packages/wandb/sdk/internal/system/assets/gpu_apple.py", line 64, in sample
    subprocess.check_output(command, universal_newlines=True)
  File "/Users/rishubbhatia/miniforge3/envs/games/lib/python3.10/subprocess.py", line 421, in check_output
    return run(*popenargs, stdout=PIPE, timeout=timeout, check=True,
  File "/Users/rishubbhatia/miniforge3/envs/games/lib/python3.10/subprocess.py", line 526, in run
    raise CalledProcessError(retcode, process.args,
subprocess.CalledProcessError: Command '['/Users/rishubbhatia/miniforge3/envs/games/lib/python3.10/site-packages/wandb/bin/apple_gpu_stats', '--json']' died with <Signals.SIGTRAP: 5>.
2024-06-03 13:10:04,861 ERROR   gpuapple  :53598 [gpu_apple.py:sample():110] GPU stats error: Command '['/Users/rishubbhatia/miniforge3/envs/games/lib/python3.10/site-packages/wandb/bin/apple_gpu_stats', '--json']' died with <Signals.SIGTRAP: 5>.
Traceback (most recent call last):
  File "/Users/rishubbhatia/miniforge3/envs/games/lib/python3.10/site-packages/wandb/sdk/internal/system/assets/gpu_apple.py", line 64, in sample
    subprocess.check_output(command, universal_newlines=True)
  File "/Users/rishubbhatia/miniforge3/envs/games/lib/python3.10/subprocess.py", line 421, in check_output
    return run(*popenargs, stdout=PIPE, timeout=timeout, check=True,
  File "/Users/rishubbhatia/miniforge3/envs/games/lib/python3.10/subprocess.py", line 526, in run
    raise CalledProcessError(retcode, process.args,
subprocess.CalledProcessError: Command '['/Users/rishubbhatia/miniforge3/envs/games/lib/python3.10/site-packages/wandb/bin/apple_gpu_stats', '--json']' died with <Signals.SIGTRAP: 5>.
2024-06-03 13:10:06,980 ERROR   gpuapple  :53598 [gpu_apple.py:sample():110] GPU stats error: Command '['/Users/rishubbhatia/miniforge3/envs/games/lib/python3.10/site-packages/wandb/bin/apple_gpu_stats', '--json']' died with <Signals.SIGTRAP: 5>.
Traceback (most recent call last):
  File "/Users/rishubbhatia/miniforge3/envs/games/lib/python3.10/site-packages/wandb/sdk/internal/system/assets/gpu_apple.py", line 64, in sample
    subprocess.check_output(command, universal_newlines=True)
  File "/Users/rishubbhatia/miniforge3/envs/games/lib/python3.10/subprocess.py", line 421, in check_output
    return run(*popenargs, stdout=PIPE, timeout=timeout, check=True,
  File "/Users/rishubbhatia/miniforge3/envs/games/lib/python3.10/subprocess.py", line 526, in run
    raise CalledProcessError(retcode, process.args,
subprocess.CalledProcessError: Command '['/Users/rishubbhatia/miniforge3/envs/games/lib/python3.10/site-packages/wandb/bin/apple_gpu_stats', '--json']' died with <Signals.SIGTRAP: 5>.
2024-06-03 13:10:09,095 ERROR   gpuapple  :53598 [gpu_apple.py:sample():110] GPU stats error: Command '['/Users/rishubbhatia/miniforge3/envs/games/lib/python3.10/site-packages/wandb/bin/apple_gpu_stats', '--json']' died with <Signals.SIGTRAP: 5>.
Traceback (most recent call last):
  File "/Users/rishubbhatia/miniforge3/envs/games/lib/python3.10/site-packages/wandb/sdk/internal/system/assets/gpu_apple.py", line 64, in sample
    subprocess.check_output(command, universal_newlines=True)
  File "/Users/rishubbhatia/miniforge3/envs/games/lib/python3.10/subprocess.py", line 421, in check_output
    return run(*popenargs, stdout=PIPE, timeout=timeout, check=True,
  File "/Users/rishubbhatia/miniforge3/envs/games/lib/python3.10/subprocess.py", line 526, in run
    raise CalledProcessError(retcode, process.args,
subprocess.CalledProcessError: Command '['/Users/rishubbhatia/miniforge3/envs/games/lib/python3.10/site-packages/wandb/bin/apple_gpu_stats', '--json']' died with <Signals.SIGTRAP: 5>.
2024-06-03 13:10:10,285 DEBUG   HandlerThread:53598 [system_info.py:_save_conda():222] Saving conda packages done
2024-06-03 13:10:10,286 DEBUG   HandlerThread:53598 [system_info.py:_save_code():44] Saving code
2024-06-03 13:10:10,286 WARNING HandlerThread:53598 [system_info.py:_save_code():46] unable to save code -- program entry not found
2024-06-03 13:10:10,287 DEBUG   HandlerThread:53598 [system_info.py:_save_patches():82] Saving git patches
2024-06-03 13:10:10,351 INFO    Thread-12 :53598 [dir_watcher.py:_on_file_modified():288] file/dir modified: /Users/rishubbhatia/Documents/master thesis/Master-Thesis-GNN/wandb/run-20240603_124421-yhf0qtjb/files/conda-environment.yaml
2024-06-03 13:10:10,753 DEBUG   HandlerThread:53598 [system_info.py:_save_patches():124] Saving git patches done
2024-06-03 13:10:10,756 INFO    HandlerThread:53598 [system_monitor.py:probe():229] Finished publishing system info
2024-06-03 13:10:10,780 DEBUG   HandlerThread:53598 [handler.py:handle_request():158] handle_request: status_report
2024-06-03 13:10:10,780 DEBUG   HandlerThread:53598 [handler.py:handle_request():158] handle_request: keepalive
2024-06-03 13:10:10,780 DEBUG   HandlerThread:53598 [handler.py:handle_request():158] handle_request: status_report
2024-06-03 13:10:10,780 DEBUG   HandlerThread:53598 [handler.py:handle_request():158] handle_request: keepalive
2024-06-03 13:10:10,780 DEBUG   HandlerThread:53598 [handler.py:handle_request():158] handle_request: status_report
2024-06-03 13:10:10,781 DEBUG   SenderThread:53598 [sender.py:send():378] send: files
2024-06-03 13:10:10,781 INFO    SenderThread:53598 [sender.py:_save_file():1389] saving file wandb-metadata.json with policy now
2024-06-03 13:10:10,781 INFO    SenderThread:53598 [sender.py:_save_file():1389] saving file diff.patch with policy now
2024-06-03 13:10:10,986 DEBUG   HandlerThread:53598 [handler.py:handle_request():158] handle_request: python_packages
2024-06-03 13:10:10,986 DEBUG   SenderThread:53598 [sender.py:send_request():405] send_request: python_packages
2024-06-03 13:10:10,987 DEBUG   HandlerThread:53598 [handler.py:handle_request():158] handle_request: stop_status
2024-06-03 13:10:10,987 DEBUG   SenderThread:53598 [sender.py:send_request():405] send_request: stop_status
2024-06-03 13:10:11,361 INFO    Thread-12 :53598 [dir_watcher.py:_on_file_created():271] file/dir created: /Users/rishubbhatia/Documents/master thesis/Master-Thesis-GNN/wandb/run-20240603_124421-yhf0qtjb/files/requirements.txt
2024-06-03 13:10:11,361 INFO    Thread-12 :53598 [dir_watcher.py:_on_file_created():271] file/dir created: /Users/rishubbhatia/Documents/master thesis/Master-Thesis-GNN/wandb/run-20240603_124421-yhf0qtjb/files/diff.patch
2024-06-03 13:10:11,361 INFO    Thread-12 :53598 [dir_watcher.py:_on_file_created():271] file/dir created: /Users/rishubbhatia/Documents/master thesis/Master-Thesis-GNN/wandb/run-20240603_124421-yhf0qtjb/files/wandb-metadata.json
2024-06-03 13:10:11,431 ERROR   gpuapple  :53598 [gpu_apple.py:sample():110] GPU stats error: Command '['/Users/rishubbhatia/miniforge3/envs/games/lib/python3.10/site-packages/wandb/bin/apple_gpu_stats', '--json']' died with <Signals.SIGTRAP: 5>.
Traceback (most recent call last):
  File "/Users/rishubbhatia/miniforge3/envs/games/lib/python3.10/site-packages/wandb/sdk/internal/system/assets/gpu_apple.py", line 64, in sample
    subprocess.check_output(command, universal_newlines=True)
  File "/Users/rishubbhatia/miniforge3/envs/games/lib/python3.10/subprocess.py", line 421, in check_output
    return run(*popenargs, stdout=PIPE, timeout=timeout, check=True,
  File "/Users/rishubbhatia/miniforge3/envs/games/lib/python3.10/subprocess.py", line 526, in run
    raise CalledProcessError(retcode, process.args,
subprocess.CalledProcessError: Command '['/Users/rishubbhatia/miniforge3/envs/games/lib/python3.10/site-packages/wandb/bin/apple_gpu_stats', '--json']' died with <Signals.SIGTRAP: 5>.
2024-06-03 13:10:12,083 INFO    SenderThread:53598 [retry.py:__call__():172] Retry attempt failed:
Traceback (most recent call last):
  File "/Users/rishubbhatia/miniforge3/envs/games/lib/python3.10/site-packages/urllib3/connection.py", line 198, in _new_conn
    sock = connection.create_connection(
  File "/Users/rishubbhatia/miniforge3/envs/games/lib/python3.10/site-packages/urllib3/util/connection.py", line 60, in create_connection
    for res in socket.getaddrinfo(host, port, family, socket.SOCK_STREAM):
  File "/Users/rishubbhatia/miniforge3/envs/games/lib/python3.10/socket.py", line 955, in getaddrinfo
    for res in _socket.getaddrinfo(host, port, family, type, proto, flags):
socket.gaierror: [Errno 8] nodename nor servname provided, or not known

The above exception was the direct cause of the following exception:

Traceback (most recent call last):
  File "/Users/rishubbhatia/miniforge3/envs/games/lib/python3.10/site-packages/urllib3/connectionpool.py", line 793, in urlopen
    response = self._make_request(
  File "/Users/rishubbhatia/miniforge3/envs/games/lib/python3.10/site-packages/urllib3/connectionpool.py", line 491, in _make_request
    raise new_e
  File "/Users/rishubbhatia/miniforge3/envs/games/lib/python3.10/site-packages/urllib3/connectionpool.py", line 467, in _make_request
    self._validate_conn(conn)
  File "/Users/rishubbhatia/miniforge3/envs/games/lib/python3.10/site-packages/urllib3/connectionpool.py", line 1099, in _validate_conn
    conn.connect()
  File "/Users/rishubbhatia/miniforge3/envs/games/lib/python3.10/site-packages/urllib3/connection.py", line 616, in connect
    self.sock = sock = self._new_conn()
  File "/Users/rishubbhatia/miniforge3/envs/games/lib/python3.10/site-packages/urllib3/connection.py", line 205, in _new_conn
    raise NameResolutionError(self.host, self, e) from e
urllib3.exceptions.NameResolutionError: <urllib3.connection.HTTPSConnection object at 0x11fa93880>: Failed to resolve 'api.wandb.ai' ([Errno 8] nodename nor servname provided, or not known)

The above exception was the direct cause of the following exception:

Traceback (most recent call last):
  File "/Users/rishubbhatia/miniforge3/envs/games/lib/python3.10/site-packages/requests/adapters.py", line 589, in send
    resp = conn.urlopen(
  File "/Users/rishubbhatia/miniforge3/envs/games/lib/python3.10/site-packages/urllib3/connectionpool.py", line 847, in urlopen
    retries = retries.increment(
  File "/Users/rishubbhatia/miniforge3/envs/games/lib/python3.10/site-packages/urllib3/util/retry.py", line 515, in increment
    raise MaxRetryError(_pool, url, reason) from reason  # type: ignore[arg-type]
urllib3.exceptions.MaxRetryError: HTTPSConnectionPool(host='api.wandb.ai', port=443): Max retries exceeded with url: /graphql (Caused by NameResolutionError("<urllib3.connection.HTTPSConnection object at 0x11fa93880>: Failed to resolve 'api.wandb.ai' ([Errno 8] nodename nor servname provided, or not known)"))

During handling of the above exception, another exception occurred:

Traceback (most recent call last):
  File "/Users/rishubbhatia/miniforge3/envs/games/lib/python3.10/site-packages/wandb/sdk/lib/retry.py", line 131, in __call__
    result = self._call_fn(*args, **kwargs)
  File "/Users/rishubbhatia/miniforge3/envs/games/lib/python3.10/site-packages/wandb/sdk/internal/internal_api.py", line 340, in execute
    return self.client.execute(*args, **kwargs)  # type: ignore
  File "/Users/rishubbhatia/miniforge3/envs/games/lib/python3.10/site-packages/wandb/vendor/gql-0.2.0/wandb_gql/client.py", line 52, in execute
    result = self._get_result(document, *args, **kwargs)
  File "/Users/rishubbhatia/miniforge3/envs/games/lib/python3.10/site-packages/wandb/vendor/gql-0.2.0/wandb_gql/client.py", line 60, in _get_result
    return self.transport.execute(document, *args, **kwargs)
  File "/Users/rishubbhatia/miniforge3/envs/games/lib/python3.10/site-packages/wandb/sdk/lib/gql_request.py", line 58, in execute
    request = self.session.post(self.url, **post_args)
  File "/Users/rishubbhatia/miniforge3/envs/games/lib/python3.10/site-packages/requests/sessions.py", line 637, in post
    return self.request("POST", url, data=data, json=json, **kwargs)
  File "/Users/rishubbhatia/miniforge3/envs/games/lib/python3.10/site-packages/requests/sessions.py", line 589, in request
    resp = self.send(prep, **send_kwargs)
  File "/Users/rishubbhatia/miniforge3/envs/games/lib/python3.10/site-packages/requests/sessions.py", line 703, in send
    r = adapter.send(request, **kwargs)
  File "/Users/rishubbhatia/miniforge3/envs/games/lib/python3.10/site-packages/requests/adapters.py", line 622, in send
    raise ConnectionError(e, request=request)
requests.exceptions.ConnectionError: HTTPSConnectionPool(host='api.wandb.ai', port=443): Max retries exceeded with url: /graphql (Caused by NameResolutionError("<urllib3.connection.HTTPSConnection object at 0x11fa93880>: Failed to resolve 'api.wandb.ai' ([Errno 8] nodename nor servname provided, or not known)"))
2024-06-03 13:10:13,580 ERROR   gpuapple  :53598 [gpu_apple.py:sample():110] GPU stats error: Command '['/Users/rishubbhatia/miniforge3/envs/games/lib/python3.10/site-packages/wandb/bin/apple_gpu_stats', '--json']' died with <Signals.SIGTRAP: 5>.
Traceback (most recent call last):
  File "/Users/rishubbhatia/miniforge3/envs/games/lib/python3.10/site-packages/wandb/sdk/internal/system/assets/gpu_apple.py", line 64, in sample
    subprocess.check_output(command, universal_newlines=True)
  File "/Users/rishubbhatia/miniforge3/envs/games/lib/python3.10/subprocess.py", line 421, in check_output
    return run(*popenargs, stdout=PIPE, timeout=timeout, check=True,
  File "/Users/rishubbhatia/miniforge3/envs/games/lib/python3.10/subprocess.py", line 526, in run
    raise CalledProcessError(retcode, process.args,
subprocess.CalledProcessError: Command '['/Users/rishubbhatia/miniforge3/envs/games/lib/python3.10/site-packages/wandb/bin/apple_gpu_stats', '--json']' died with <Signals.SIGTRAP: 5>.
2024-06-03 13:10:15,812 ERROR   gpuapple  :53598 [gpu_apple.py:sample():110] GPU stats error: Command '['/Users/rishubbhatia/miniforge3/envs/games/lib/python3.10/site-packages/wandb/bin/apple_gpu_stats', '--json']' died with <Signals.SIGTRAP: 5>.
Traceback (most recent call last):
  File "/Users/rishubbhatia/miniforge3/envs/games/lib/python3.10/site-packages/wandb/sdk/internal/system/assets/gpu_apple.py", line 64, in sample
    subprocess.check_output(command, universal_newlines=True)
  File "/Users/rishubbhatia/miniforge3/envs/games/lib/python3.10/subprocess.py", line 421, in check_output
    return run(*popenargs, stdout=PIPE, timeout=timeout, check=True,
  File "/Users/rishubbhatia/miniforge3/envs/games/lib/python3.10/subprocess.py", line 526, in run
    raise CalledProcessError(retcode, process.args,
subprocess.CalledProcessError: Command '['/Users/rishubbhatia/miniforge3/envs/games/lib/python3.10/site-packages/wandb/bin/apple_gpu_stats', '--json']' died with <Signals.SIGTRAP: 5>.
2024-06-03 13:10:18,004 ERROR   gpuapple  :53598 [gpu_apple.py:sample():110] GPU stats error: Command '['/Users/rishubbhatia/miniforge3/envs/games/lib/python3.10/site-packages/wandb/bin/apple_gpu_stats', '--json']' died with <Signals.SIGTRAP: 5>.
Traceback (most recent call last):
  File "/Users/rishubbhatia/miniforge3/envs/games/lib/python3.10/site-packages/wandb/sdk/internal/system/assets/gpu_apple.py", line 64, in sample
    subprocess.check_output(command, universal_newlines=True)
  File "/Users/rishubbhatia/miniforge3/envs/games/lib/python3.10/subprocess.py", line 421, in check_output
    return run(*popenargs, stdout=PIPE, timeout=timeout, check=True,
  File "/Users/rishubbhatia/miniforge3/envs/games/lib/python3.10/subprocess.py", line 526, in run
    raise CalledProcessError(retcode, process.args,
subprocess.CalledProcessError: Command '['/Users/rishubbhatia/miniforge3/envs/games/lib/python3.10/site-packages/wandb/bin/apple_gpu_stats', '--json']' died with <Signals.SIGTRAP: 5>.
2024-06-03 13:28:02,021 ERROR   gpuapple  :53598 [gpu_apple.py:sample():110] GPU stats error: Command '['/Users/rishubbhatia/miniforge3/envs/games/lib/python3.10/site-packages/wandb/bin/apple_gpu_stats', '--json']' died with <Signals.SIGTRAP: 5>.
Traceback (most recent call last):
  File "/Users/rishubbhatia/miniforge3/envs/games/lib/python3.10/site-packages/wandb/sdk/internal/system/assets/gpu_apple.py", line 64, in sample
    subprocess.check_output(command, universal_newlines=True)
  File "/Users/rishubbhatia/miniforge3/envs/games/lib/python3.10/subprocess.py", line 421, in check_output
    return run(*popenargs, stdout=PIPE, timeout=timeout, check=True,
  File "/Users/rishubbhatia/miniforge3/envs/games/lib/python3.10/subprocess.py", line 526, in run
    raise CalledProcessError(retcode, process.args,
subprocess.CalledProcessError: Command '['/Users/rishubbhatia/miniforge3/envs/games/lib/python3.10/site-packages/wandb/bin/apple_gpu_stats', '--json']' died with <Signals.SIGTRAP: 5>.
2024-06-03 13:28:03,822 INFO    wandb-upload_0:53598 [upload_job.py:push():130] Uploaded file /var/folders/my/7z0rbf091qj03p882sd10h_00000gn/T/tmpjsinu51swandb/5esmc1fj-wandb-metadata.json
2024-06-03 13:28:04,149 ERROR   gpuapple  :53598 [gpu_apple.py:sample():110] GPU stats error: Command '['/Users/rishubbhatia/miniforge3/envs/games/lib/python3.10/site-packages/wandb/bin/apple_gpu_stats', '--json']' died with <Signals.SIGTRAP: 5>.
Traceback (most recent call last):
  File "/Users/rishubbhatia/miniforge3/envs/games/lib/python3.10/site-packages/wandb/sdk/internal/system/assets/gpu_apple.py", line 64, in sample
    subprocess.check_output(command, universal_newlines=True)
  File "/Users/rishubbhatia/miniforge3/envs/games/lib/python3.10/subprocess.py", line 421, in check_output
    return run(*popenargs, stdout=PIPE, timeout=timeout, check=True,
  File "/Users/rishubbhatia/miniforge3/envs/games/lib/python3.10/subprocess.py", line 526, in run
    raise CalledProcessError(retcode, process.args,
subprocess.CalledProcessError: Command '['/Users/rishubbhatia/miniforge3/envs/games/lib/python3.10/site-packages/wandb/bin/apple_gpu_stats', '--json']' died with <Signals.SIGTRAP: 5>.
2024-06-03 13:44:09,256 ERROR   gpuapple  :53598 [gpu_apple.py:sample():110] GPU stats error: Command '['/Users/rishubbhatia/miniforge3/envs/games/lib/python3.10/site-packages/wandb/bin/apple_gpu_stats', '--json']' died with <Signals.SIGTRAP: 5>.
Traceback (most recent call last):
  File "/Users/rishubbhatia/miniforge3/envs/games/lib/python3.10/site-packages/wandb/sdk/internal/system/assets/gpu_apple.py", line 64, in sample
    subprocess.check_output(command, universal_newlines=True)
  File "/Users/rishubbhatia/miniforge3/envs/games/lib/python3.10/subprocess.py", line 421, in check_output
    return run(*popenargs, stdout=PIPE, timeout=timeout, check=True,
  File "/Users/rishubbhatia/miniforge3/envs/games/lib/python3.10/subprocess.py", line 526, in run
    raise CalledProcessError(retcode, process.args,
subprocess.CalledProcessError: Command '['/Users/rishubbhatia/miniforge3/envs/games/lib/python3.10/site-packages/wandb/bin/apple_gpu_stats', '--json']' died with <Signals.SIGTRAP: 5>.
2024-06-03 13:44:10,299 DEBUG   SenderThread:53598 [sender.py:send():378] send: telemetry
2024-06-03 13:44:10,299 DEBUG   HandlerThread:53598 [handler.py:handle_request():158] handle_request: status_report
2024-06-03 13:44:11,637 ERROR   gpuapple  :53598 [gpu_apple.py:sample():110] GPU stats error: Command '['/Users/rishubbhatia/miniforge3/envs/games/lib/python3.10/site-packages/wandb/bin/apple_gpu_stats', '--json']' died with <Signals.SIGTRAP: 5>.
Traceback (most recent call last):
  File "/Users/rishubbhatia/miniforge3/envs/games/lib/python3.10/site-packages/wandb/sdk/internal/system/assets/gpu_apple.py", line 64, in sample
    subprocess.check_output(command, universal_newlines=True)
  File "/Users/rishubbhatia/miniforge3/envs/games/lib/python3.10/subprocess.py", line 421, in check_output
    return run(*popenargs, stdout=PIPE, timeout=timeout, check=True,
  File "/Users/rishubbhatia/miniforge3/envs/games/lib/python3.10/subprocess.py", line 526, in run
    raise CalledProcessError(retcode, process.args,
subprocess.CalledProcessError: Command '['/Users/rishubbhatia/miniforge3/envs/games/lib/python3.10/site-packages/wandb/bin/apple_gpu_stats', '--json']' died with <Signals.SIGTRAP: 5>.
2024-06-03 13:44:12,133 DEBUG   HandlerThread:53598 [handler.py:handle_request():158] handle_request: keepalive
2024-06-03 13:44:13,079 INFO    Thread-12 :53598 [dir_watcher.py:_on_file_created():271] file/dir created: /Users/rishubbhatia/Documents/master thesis/Master-Thesis-GNN/wandb/run-20240603_124421-yhf0qtjb/files/output.log
2024-06-03 13:45:18,658 DEBUG   SenderThread:53598 [sender.py:send():378] send: exit
2024-06-03 13:45:18,659 INFO    SenderThread:53598 [sender.py:send_exit():585] handling exit code: 1
2024-06-03 13:45:18,660 INFO    SenderThread:53598 [sender.py:send_exit():587] handling runtime: 2661
2024-06-03 13:45:18,694 INFO    SenderThread:53598 [sender.py:_save_file():1389] saving file wandb-summary.json with policy end
2024-06-03 13:45:18,695 INFO    SenderThread:53598 [sender.py:send_exit():593] send defer
2024-06-03 13:45:18,695 DEBUG   HandlerThread:53598 [handler.py:handle_request():158] handle_request: defer
2024-06-03 13:45:18,695 INFO    HandlerThread:53598 [handler.py:handle_request_defer():184] handle defer: 0
2024-06-03 13:45:18,696 DEBUG   SenderThread:53598 [sender.py:send_request():405] send_request: defer
2024-06-03 13:45:18,696 INFO    SenderThread:53598 [sender.py:send_request_defer():609] handle sender defer: 0
2024-06-03 13:45:18,696 INFO    SenderThread:53598 [sender.py:transition_state():613] send defer: 1
2024-06-03 13:45:18,696 DEBUG   HandlerThread:53598 [handler.py:handle_request():158] handle_request: defer
2024-06-03 13:45:18,696 INFO    HandlerThread:53598 [handler.py:handle_request_defer():184] handle defer: 1
2024-06-03 13:45:18,697 DEBUG   SenderThread:53598 [sender.py:send_request():405] send_request: defer
2024-06-03 13:45:18,697 INFO    SenderThread:53598 [sender.py:send_request_defer():609] handle sender defer: 1
2024-06-03 13:45:18,697 INFO    SenderThread:53598 [sender.py:transition_state():613] send defer: 2
2024-06-03 13:45:18,697 DEBUG   HandlerThread:53598 [handler.py:handle_request():158] handle_request: defer
2024-06-03 13:45:18,697 INFO    HandlerThread:53598 [handler.py:handle_request_defer():184] handle defer: 2
2024-06-03 13:45:18,697 INFO    HandlerThread:53598 [system_monitor.py:finish():203] Stopping system monitor
2024-06-03 13:45:18,697 INFO    HandlerThread:53598 [interfaces.py:finish():200] Joined cpu monitor
2024-06-03 13:45:18,698 INFO    HandlerThread:53598 [interfaces.py:finish():200] Joined disk monitor
2024-06-03 13:45:18,698 INFO    Thread-12 :53598 [dir_watcher.py:_on_file_created():271] file/dir created: /Users/rishubbhatia/Documents/master thesis/Master-Thesis-GNN/wandb/run-20240603_124421-yhf0qtjb/files/wandb-summary.json
2024-06-03 13:45:18,698 DEBUG   SystemMonitor:53598 [system_monitor.py:_start():172] Starting system metrics aggregation loop
2024-06-03 13:45:18,698 DEBUG   SystemMonitor:53598 [system_monitor.py:_start():179] Finished system metrics aggregation loop
2024-06-03 13:45:18,698 DEBUG   SystemMonitor:53598 [system_monitor.py:_start():183] Publishing last batch of metrics
2024-06-03 13:45:18,927 ERROR   gpuapple  :53598 [gpu_apple.py:sample():110] GPU stats error: Command '['/Users/rishubbhatia/miniforge3/envs/games/lib/python3.10/site-packages/wandb/bin/apple_gpu_stats', '--json']' died with <Signals.SIGTRAP: 5>.
Traceback (most recent call last):
  File "/Users/rishubbhatia/miniforge3/envs/games/lib/python3.10/site-packages/wandb/sdk/internal/system/assets/gpu_apple.py", line 64, in sample
    subprocess.check_output(command, universal_newlines=True)
  File "/Users/rishubbhatia/miniforge3/envs/games/lib/python3.10/subprocess.py", line 421, in check_output
    return run(*popenargs, stdout=PIPE, timeout=timeout, check=True,
  File "/Users/rishubbhatia/miniforge3/envs/games/lib/python3.10/subprocess.py", line 526, in run
    raise CalledProcessError(retcode, process.args,
subprocess.CalledProcessError: Command '['/Users/rishubbhatia/miniforge3/envs/games/lib/python3.10/site-packages/wandb/bin/apple_gpu_stats', '--json']' died with <Signals.SIGTRAP: 5>.
2024-06-03 13:45:18,928 INFO    HandlerThread:53598 [interfaces.py:finish():200] Joined gpuapple monitor
2024-06-03 13:45:18,928 INFO    HandlerThread:53598 [interfaces.py:finish():200] Joined memory monitor
2024-06-03 13:45:18,928 INFO    HandlerThread:53598 [interfaces.py:finish():200] Joined network monitor
2024-06-03 13:45:18,928 DEBUG   SenderThread:53598 [sender.py:send_request():405] send_request: defer
2024-06-03 13:45:18,929 INFO    SenderThread:53598 [sender.py:send_request_defer():609] handle sender defer: 2
2024-06-03 13:45:18,929 INFO    SenderThread:53598 [sender.py:transition_state():613] send defer: 3
2024-06-03 13:45:18,929 DEBUG   SenderThread:53598 [sender.py:send():378] send: telemetry
2024-06-03 13:45:18,929 DEBUG   SenderThread:53598 [sender.py:send():378] send: stats
2024-06-03 13:45:18,929 DEBUG   HandlerThread:53598 [handler.py:handle_request():158] handle_request: defer
2024-06-03 13:45:18,929 INFO    HandlerThread:53598 [handler.py:handle_request_defer():184] handle defer: 3
2024-06-03 13:45:18,930 DEBUG   SenderThread:53598 [sender.py:send_request():405] send_request: defer
2024-06-03 13:45:18,930 INFO    SenderThread:53598 [sender.py:send_request_defer():609] handle sender defer: 3
2024-06-03 13:45:18,930 INFO    SenderThread:53598 [sender.py:transition_state():613] send defer: 4
2024-06-03 13:45:18,930 DEBUG   HandlerThread:53598 [handler.py:handle_request():158] handle_request: defer
2024-06-03 13:45:18,930 INFO    HandlerThread:53598 [handler.py:handle_request_defer():184] handle defer: 4
2024-06-03 13:45:18,930 DEBUG   SenderThread:53598 [sender.py:send_request():405] send_request: defer
2024-06-03 13:45:18,930 INFO    SenderThread:53598 [sender.py:send_request_defer():609] handle sender defer: 4
2024-06-03 13:45:18,930 INFO    SenderThread:53598 [sender.py:transition_state():613] send defer: 5
2024-06-03 13:45:18,930 DEBUG   HandlerThread:53598 [handler.py:handle_request():158] handle_request: defer
2024-06-03 13:45:18,930 INFO    HandlerThread:53598 [handler.py:handle_request_defer():184] handle defer: 5
2024-06-03 13:45:18,930 DEBUG   SenderThread:53598 [sender.py:send():378] send: summary
2024-06-03 13:45:18,931 INFO    SenderThread:53598 [sender.py:_save_file():1389] saving file wandb-summary.json with policy end
2024-06-03 13:45:18,932 DEBUG   SenderThread:53598 [sender.py:send_request():405] send_request: defer
2024-06-03 13:45:18,932 INFO    SenderThread:53598 [sender.py:send_request_defer():609] handle sender defer: 5
2024-06-03 13:45:18,932 INFO    SenderThread:53598 [sender.py:transition_state():613] send defer: 6
2024-06-03 13:45:18,932 DEBUG   HandlerThread:53598 [handler.py:handle_request():158] handle_request: defer
2024-06-03 13:45:18,932 INFO    HandlerThread:53598 [handler.py:handle_request_defer():184] handle defer: 6
2024-06-03 13:45:18,932 DEBUG   SenderThread:53598 [sender.py:send_request():405] send_request: defer
2024-06-03 13:45:18,932 INFO    SenderThread:53598 [sender.py:send_request_defer():609] handle sender defer: 6
2024-06-03 13:45:18,936 DEBUG   HandlerThread:53598 [handler.py:handle_request():158] handle_request: status_report
2024-06-03 13:45:19,111 INFO    SenderThread:53598 [sender.py:transition_state():613] send defer: 7
2024-06-03 13:45:19,111 DEBUG   HandlerThread:53598 [handler.py:handle_request():158] handle_request: defer
2024-06-03 13:45:19,111 INFO    HandlerThread:53598 [handler.py:handle_request_defer():184] handle defer: 7
2024-06-03 13:45:19,111 DEBUG   SenderThread:53598 [sender.py:send_request():405] send_request: defer
2024-06-03 13:45:19,112 INFO    SenderThread:53598 [sender.py:send_request_defer():609] handle sender defer: 7
2024-06-03 13:45:19,662 DEBUG   HandlerThread:53598 [handler.py:handle_request():158] handle_request: poll_exit
2024-06-03 13:45:19,701 INFO    Thread-12 :53598 [dir_watcher.py:_on_file_modified():288] file/dir modified: /Users/rishubbhatia/Documents/master thesis/Master-Thesis-GNN/wandb/run-20240603_124421-yhf0qtjb/files/wandb-summary.json
2024-06-03 13:45:19,701 INFO    Thread-12 :53598 [dir_watcher.py:_on_file_modified():288] file/dir modified: /Users/rishubbhatia/Documents/master thesis/Master-Thesis-GNN/wandb/run-20240603_124421-yhf0qtjb/files/config.yaml
2024-06-03 13:45:19,701 INFO    Thread-12 :53598 [dir_watcher.py:_on_file_modified():288] file/dir modified: /Users/rishubbhatia/Documents/master thesis/Master-Thesis-GNN/wandb/run-20240603_124421-yhf0qtjb/files/output.log
2024-06-03 13:45:20,680 INFO    SenderThread:53598 [sender.py:transition_state():613] send defer: 8
2024-06-03 13:45:20,681 DEBUG   SenderThread:53598 [sender.py:send_request():405] send_request: poll_exit
2024-06-03 13:45:20,681 DEBUG   HandlerThread:53598 [handler.py:handle_request():158] handle_request: defer
2024-06-03 13:45:20,681 INFO    HandlerThread:53598 [handler.py:handle_request_defer():184] handle defer: 8
2024-06-03 13:45:20,681 DEBUG   SenderThread:53598 [sender.py:send_request():405] send_request: defer
2024-06-03 13:45:20,682 INFO    SenderThread:53598 [sender.py:send_request_defer():609] handle sender defer: 8
2024-06-03 13:45:20,682 INFO    SenderThread:53598 [job_builder.py:build():432] Attempting to build job artifact
2024-06-03 13:45:20,684 INFO    SenderThread:53598 [job_builder.py:_get_source_type():565] is repo sourced job
2024-06-03 13:45:20,684 WARNING SenderThread:53598 [job_builder.py:_log_if_verbose():267] No program path found, not creating job artifact. See https://docs.wandb.ai/guides/launch/create-job
2024-06-03 13:45:20,684 INFO    SenderThread:53598 [sender.py:transition_state():613] send defer: 9
2024-06-03 13:45:20,684 DEBUG   HandlerThread:53598 [handler.py:handle_request():158] handle_request: defer
2024-06-03 13:45:20,684 INFO    HandlerThread:53598 [handler.py:handle_request_defer():184] handle defer: 9
2024-06-03 13:45:20,685 DEBUG   SenderThread:53598 [sender.py:send_request():405] send_request: defer
2024-06-03 13:45:20,685 INFO    SenderThread:53598 [sender.py:send_request_defer():609] handle sender defer: 9
2024-06-03 13:45:20,685 INFO    SenderThread:53598 [dir_watcher.py:finish():358] shutting down directory watcher
2024-06-03 13:45:20,710 INFO    SenderThread:53598 [dir_watcher.py:_on_file_modified():288] file/dir modified: /Users/rishubbhatia/Documents/master thesis/Master-Thesis-GNN/wandb/run-20240603_124421-yhf0qtjb/files/output.log
2024-06-03 13:45:20,711 INFO    SenderThread:53598 [dir_watcher.py:finish():388] scan: /Users/rishubbhatia/Documents/master thesis/Master-Thesis-GNN/wandb/run-20240603_124421-yhf0qtjb/files
2024-06-03 13:45:20,711 INFO    SenderThread:53598 [dir_watcher.py:finish():402] scan save: /Users/rishubbhatia/Documents/master thesis/Master-Thesis-GNN/wandb/run-20240603_124421-yhf0qtjb/files/diff.patch diff.patch
2024-06-03 13:45:20,712 INFO    SenderThread:53598 [dir_watcher.py:finish():402] scan save: /Users/rishubbhatia/Documents/master thesis/Master-Thesis-GNN/wandb/run-20240603_124421-yhf0qtjb/files/requirements.txt requirements.txt
2024-06-03 13:45:20,712 INFO    SenderThread:53598 [dir_watcher.py:finish():402] scan save: /Users/rishubbhatia/Documents/master thesis/Master-Thesis-GNN/wandb/run-20240603_124421-yhf0qtjb/files/output.log output.log
2024-06-03 13:45:20,717 INFO    SenderThread:53598 [dir_watcher.py:finish():402] scan save: /Users/rishubbhatia/Documents/master thesis/Master-Thesis-GNN/wandb/run-20240603_124421-yhf0qtjb/files/config.yaml config.yaml
2024-06-03 13:45:20,719 INFO    SenderThread:53598 [dir_watcher.py:finish():402] scan save: /Users/rishubbhatia/Documents/master thesis/Master-Thesis-GNN/wandb/run-20240603_124421-yhf0qtjb/files/wandb-summary.json wandb-summary.json
2024-06-03 13:45:20,724 INFO    SenderThread:53598 [dir_watcher.py:finish():402] scan save: /Users/rishubbhatia/Documents/master thesis/Master-Thesis-GNN/wandb/run-20240603_124421-yhf0qtjb/files/conda-environment.yaml conda-environment.yaml
2024-06-03 13:45:20,726 INFO    SenderThread:53598 [dir_watcher.py:finish():402] scan save: /Users/rishubbhatia/Documents/master thesis/Master-Thesis-GNN/wandb/run-20240603_124421-yhf0qtjb/files/wandb-metadata.json wandb-metadata.json
2024-06-03 13:45:20,727 INFO    SenderThread:53598 [sender.py:transition_state():613] send defer: 10
2024-06-03 13:45:20,729 DEBUG   HandlerThread:53598 [handler.py:handle_request():158] handle_request: defer
2024-06-03 13:45:20,729 INFO    HandlerThread:53598 [handler.py:handle_request_defer():184] handle defer: 10
2024-06-03 13:45:20,729 DEBUG   SenderThread:53598 [sender.py:send_request():405] send_request: defer
2024-06-03 13:45:20,730 INFO    SenderThread:53598 [sender.py:send_request_defer():609] handle sender defer: 10
2024-06-03 13:45:20,730 INFO    SenderThread:53598 [file_pusher.py:finish():169] shutting down file pusher
2024-06-03 13:45:21,305 INFO    wandb-upload_2:53598 [upload_job.py:push():130] Uploaded file /Users/rishubbhatia/Documents/master thesis/Master-Thesis-GNN/wandb/run-20240603_124421-yhf0qtjb/files/output.log
2024-06-03 13:45:21,307 INFO    wandb-upload_3:53598 [upload_job.py:push():130] Uploaded file /Users/rishubbhatia/Documents/master thesis/Master-Thesis-GNN/wandb/run-20240603_124421-yhf0qtjb/files/config.yaml
2024-06-03 13:45:21,318 INFO    wandb-upload_4:53598 [upload_job.py:push():130] Uploaded file /Users/rishubbhatia/Documents/master thesis/Master-Thesis-GNN/wandb/run-20240603_124421-yhf0qtjb/files/wandb-summary.json
2024-06-03 13:45:21,324 INFO    wandb-upload_5:53598 [upload_job.py:push():130] Uploaded file /Users/rishubbhatia/Documents/master thesis/Master-Thesis-GNN/wandb/run-20240603_124421-yhf0qtjb/files/conda-environment.yaml
2024-06-03 13:45:21,692 DEBUG   HandlerThread:53598 [handler.py:handle_request():158] handle_request: poll_exit
2024-06-03 13:45:21,696 DEBUG   SenderThread:53598 [sender.py:send_request():405] send_request: poll_exit
2024-06-03 13:45:22,696 DEBUG   HandlerThread:53598 [handler.py:handle_request():158] handle_request: poll_exit
2024-06-03 13:45:22,699 DEBUG   SenderThread:53598 [sender.py:send_request():405] send_request: poll_exit
2024-06-03 13:45:23,704 DEBUG   HandlerThread:53598 [handler.py:handle_request():158] handle_request: poll_exit
2024-06-03 13:45:23,705 DEBUG   SenderThread:53598 [sender.py:send_request():405] send_request: poll_exit
2024-06-03 13:45:24,713 DEBUG   HandlerThread:53598 [handler.py:handle_request():158] handle_request: poll_exit
2024-06-03 13:45:24,714 DEBUG   SenderThread:53598 [sender.py:send_request():405] send_request: poll_exit
2024-06-03 13:45:25,721 DEBUG   HandlerThread:53598 [handler.py:handle_request():158] handle_request: poll_exit
2024-06-03 13:45:25,722 DEBUG   SenderThread:53598 [sender.py:send_request():405] send_request: poll_exit
2024-06-03 13:45:26,730 DEBUG   HandlerThread:53598 [handler.py:handle_request():158] handle_request: poll_exit
2024-06-03 13:45:26,731 DEBUG   SenderThread:53598 [sender.py:send_request():405] send_request: poll_exit
2024-06-03 13:45:27,739 DEBUG   HandlerThread:53598 [handler.py:handle_request():158] handle_request: poll_exit
2024-06-03 13:45:27,740 DEBUG   SenderThread:53598 [sender.py:send_request():405] send_request: poll_exit
2024-06-03 13:45:28,741 DEBUG   HandlerThread:53598 [handler.py:handle_request():158] handle_request: poll_exit
2024-06-03 13:45:28,742 DEBUG   SenderThread:53598 [sender.py:send_request():405] send_request: poll_exit
2024-06-03 13:45:28,743 DEBUG   HandlerThread:53598 [handler.py:handle_request():158] handle_request: status_report
2024-06-03 13:45:29,748 DEBUG   HandlerThread:53598 [handler.py:handle_request():158] handle_request: poll_exit
2024-06-03 13:45:29,749 DEBUG   SenderThread:53598 [sender.py:send_request():405] send_request: poll_exit
2024-06-03 13:45:30,749 DEBUG   HandlerThread:53598 [handler.py:handle_request():158] handle_request: poll_exit
2024-06-03 13:45:30,750 DEBUG   SenderThread:53598 [sender.py:send_request():405] send_request: poll_exit
2024-06-03 14:00:33,617 DEBUG   HandlerThread:53598 [handler.py:handle_request():158] handle_request: poll_exit
2024-06-03 14:00:33,620 DEBUG   SenderThread:53598 [sender.py:send_request():405] send_request: poll_exit
2024-06-03 14:00:34,490 WARNING FileStreamThread:53598 [file_stream.py:request_with_retry():674] requests_with_retry encountered retryable exception: ('Connection aborted.', RemoteDisconnected('Remote end closed connection without response')). func: functools.partial(<bound method Session.post of <requests.sessions.Session object at 0x11f9fed10>>, timeout=180.0), args: ('https://api.wandb.ai/files/rwth-ml/gnn_atari/yhf0qtjb/file_stream',), kwargs: {'json': {'files': {'wandb-summary.json': {'offset': 0, 'content': ['{"_wandb": {"runtime": 2661}}']}}, 'dropped': 0}}
2024-06-03 14:00:34,584 ERROR   wandb-upload_0:53598 [internal_api.py:upload_file():2738] upload_file exception https://storage.googleapis.com/wandb-production.appspot.com/rwth-ml/gnn_atari/yhf0qtjb/requirements.txt?Expires=1717501520&GoogleAccessId=gorilla-files-url-signer-man%40wandb-production.iam.gserviceaccount.com&Signature=klsoxCpaGrfhgKQrVvaIg5E6LFjFOU1p5PhofYpeMAvch6eTneW6Dmg2qszY7Ir%2BcWsnB6uBu0iHJ2cvK8s9VtRqNLfUUMWpPy%2BYfQ%2FG82MICaxpw%2FwKTgYqOOShWY0QFWca6%2FQVpmE1yTcIHUQZGudpgUMqFShM3652ELx001yBsg2%2F6yWt3XtgE39jinPOrBJAA1OgqduVZ6bY5%2BRyKVXfSg%2Ful2cS5xVqIj2VvHZ5iAYL2awAQ6xdTBILmHiswV7t7TvXkbOxuC4S2LGaRBN2b7wvm60fg3Zx7B4vH0%2B72%2F%2FOCioqrxF1SozKjhzMbUMlHtxl%2BD3qT7gnZ7%2FJiA%3D%3D: ('Connection aborted.', RemoteDisconnected('Remote end closed connection without response'))
2024-06-03 14:00:34,585 ERROR   wandb-upload_0:53598 [internal_api.py:upload_file():2740] upload_file request headers: {'User-Agent': 'python-requests/2.32.2', 'Accept-Encoding': 'gzip, deflate', 'Accept': '*/*', 'Connection': 'keep-alive', 'Content-Length': '1252'}
2024-06-03 14:00:34,585 ERROR   wandb-upload_0:53598 [internal_api.py:upload_file():2742] upload_file response body: 
2024-06-03 14:00:34,628 DEBUG   HandlerThread:53598 [handler.py:handle_request():158] handle_request: poll_exit
2024-06-03 14:00:34,628 DEBUG   SenderThread:53598 [sender.py:send_request():405] send_request: poll_exit
2024-06-03 14:00:35,637 DEBUG   HandlerThread:53598 [handler.py:handle_request():158] handle_request: poll_exit
2024-06-03 14:00:35,638 DEBUG   SenderThread:53598 [sender.py:send_request():405] send_request: poll_exit
2024-06-03 14:00:36,099 INFO    wandb-upload_0:53598 [upload_job.py:push():130] Uploaded file /Users/rishubbhatia/Documents/master thesis/Master-Thesis-GNN/wandb/run-20240603_124421-yhf0qtjb/files/requirements.txt
2024-06-03 14:00:36,647 DEBUG   HandlerThread:53598 [handler.py:handle_request():158] handle_request: poll_exit
2024-06-03 14:00:36,647 DEBUG   SenderThread:53598 [sender.py:send_request():405] send_request: poll_exit
2024-06-03 14:00:37,656 DEBUG   HandlerThread:53598 [handler.py:handle_request():158] handle_request: poll_exit
2024-06-03 14:00:37,656 DEBUG   SenderThread:53598 [sender.py:send_request():405] send_request: poll_exit
2024-06-03 14:16:32,338 DEBUG   HandlerThread:53598 [handler.py:handle_request():158] handle_request: status_report
2024-06-03 14:16:32,339 DEBUG   HandlerThread:53598 [handler.py:handle_request():158] handle_request: poll_exit
2024-06-03 14:16:32,340 DEBUG   SenderThread:53598 [sender.py:send_request():405] send_request: poll_exit
2024-06-03 14:16:33,350 DEBUG   HandlerThread:53598 [handler.py:handle_request():158] handle_request: poll_exit
2024-06-03 14:16:33,351 DEBUG   SenderThread:53598 [sender.py:send_request():405] send_request: poll_exit
2024-06-03 14:16:34,352 DEBUG   HandlerThread:53598 [handler.py:handle_request():158] handle_request: poll_exit
2024-06-03 14:16:34,353 DEBUG   SenderThread:53598 [sender.py:send_request():405] send_request: poll_exit
2024-06-03 14:16:35,354 DEBUG   HandlerThread:53598 [handler.py:handle_request():158] handle_request: poll_exit
2024-06-03 14:16:35,355 DEBUG   SenderThread:53598 [sender.py:send_request():405] send_request: poll_exit
2024-06-03 14:16:36,363 DEBUG   HandlerThread:53598 [handler.py:handle_request():158] handle_request: poll_exit
2024-06-03 14:16:36,364 DEBUG   SenderThread:53598 [sender.py:send_request():405] send_request: poll_exit
2024-06-03 14:34:04,957 DEBUG   HandlerThread:53598 [handler.py:handle_request():158] handle_request: poll_exit
2024-06-03 14:34:04,957 DEBUG   HandlerThread:53598 [handler.py:handle_request():158] handle_request: status_report
2024-06-03 14:34:04,957 DEBUG   SenderThread:53598 [sender.py:send_request():405] send_request: poll_exit
2024-06-03 14:34:05,991 DEBUG   HandlerThread:53598 [handler.py:handle_request():158] handle_request: poll_exit
2024-06-03 14:34:05,995 DEBUG   SenderThread:53598 [sender.py:send_request():405] send_request: poll_exit
2024-06-03 14:34:07,001 DEBUG   HandlerThread:53598 [handler.py:handle_request():158] handle_request: poll_exit
2024-06-03 14:34:07,002 DEBUG   SenderThread:53598 [sender.py:send_request():405] send_request: poll_exit
2024-06-03 14:34:08,001 DEBUG   HandlerThread:53598 [handler.py:handle_request():158] handle_request: poll_exit
2024-06-03 14:34:08,002 DEBUG   SenderThread:53598 [sender.py:send_request():405] send_request: poll_exit
2024-06-03 14:34:09,011 DEBUG   HandlerThread:53598 [handler.py:handle_request():158] handle_request: poll_exit
2024-06-03 14:34:09,012 DEBUG   SenderThread:53598 [sender.py:send_request():405] send_request: poll_exit
2024-06-03 14:34:10,021 DEBUG   HandlerThread:53598 [handler.py:handle_request():158] handle_request: poll_exit
2024-06-03 14:34:10,022 DEBUG   HandlerThread:53598 [handler.py:handle_request():158] handle_request: status_report
2024-06-03 14:34:10,022 DEBUG   SenderThread:53598 [sender.py:send_request():405] send_request: poll_exit
2024-06-03 14:49:42,643 DEBUG   HandlerThread:53598 [handler.py:handle_request():158] handle_request: poll_exit
2024-06-03 14:49:42,644 DEBUG   SenderThread:53598 [sender.py:send_request():405] send_request: poll_exit
2024-06-03 14:49:43,654 DEBUG   HandlerThread:53598 [handler.py:handle_request():158] handle_request: poll_exit
2024-06-03 14:49:43,656 DEBUG   SenderThread:53598 [sender.py:send_request():405] send_request: poll_exit
2024-06-03 14:49:44,659 DEBUG   HandlerThread:53598 [handler.py:handle_request():158] handle_request: poll_exit
2024-06-03 14:49:44,659 DEBUG   SenderThread:53598 [sender.py:send_request():405] send_request: poll_exit
2024-06-03 14:49:45,671 DEBUG   HandlerThread:53598 [handler.py:handle_request():158] handle_request: poll_exit
2024-06-03 14:49:45,671 DEBUG   SenderThread:53598 [sender.py:send_request():405] send_request: poll_exit
2024-06-03 14:49:46,675 DEBUG   HandlerThread:53598 [handler.py:handle_request():158] handle_request: poll_exit
2024-06-03 14:49:46,675 DEBUG   SenderThread:53598 [sender.py:send_request():405] send_request: poll_exit
2024-06-03 15:01:44,170 DEBUG   HandlerThread:53598 [handler.py:handle_request():158] handle_request: status_report
2024-06-03 15:01:44,171 DEBUG   HandlerThread:53598 [handler.py:handle_request():158] handle_request: poll_exit
2024-06-03 15:01:44,172 DEBUG   SenderThread:53598 [sender.py:send_request():405] send_request: poll_exit
2024-06-03 15:01:45,179 DEBUG   HandlerThread:53598 [handler.py:handle_request():158] handle_request: poll_exit
2024-06-03 15:01:45,183 DEBUG   SenderThread:53598 [sender.py:send_request():405] send_request: poll_exit
2024-06-03 15:01:46,191 DEBUG   HandlerThread:53598 [handler.py:handle_request():158] handle_request: poll_exit
2024-06-03 15:01:46,192 DEBUG   SenderThread:53598 [sender.py:send_request():405] send_request: poll_exit
2024-06-03 15:01:47,202 DEBUG   HandlerThread:53598 [handler.py:handle_request():158] handle_request: poll_exit
2024-06-03 15:01:47,203 DEBUG   SenderThread:53598 [sender.py:send_request():405] send_request: poll_exit
2024-06-03 15:01:48,278 DEBUG   HandlerThread:53598 [handler.py:handle_request():158] handle_request: poll_exit
2024-06-03 15:01:48,279 DEBUG   SenderThread:53598 [sender.py:send_request():405] send_request: poll_exit
2024-06-03 15:01:49,280 DEBUG   HandlerThread:53598 [handler.py:handle_request():158] handle_request: poll_exit
2024-06-03 15:01:49,281 DEBUG   SenderThread:53598 [sender.py:send_request():405] send_request: poll_exit
2024-06-03 15:01:49,282 DEBUG   HandlerThread:53598 [handler.py:handle_request():158] handle_request: status_report
2024-06-03 15:01:50,285 DEBUG   HandlerThread:53598 [handler.py:handle_request():158] handle_request: poll_exit
2024-06-03 15:01:50,286 DEBUG   SenderThread:53598 [sender.py:send_request():405] send_request: poll_exit
2024-06-03 15:01:51,291 DEBUG   HandlerThread:53598 [handler.py:handle_request():158] handle_request: poll_exit
2024-06-03 15:01:51,292 DEBUG   SenderThread:53598 [sender.py:send_request():405] send_request: poll_exit
2024-06-03 15:01:52,298 DEBUG   HandlerThread:53598 [handler.py:handle_request():158] handle_request: poll_exit
2024-06-03 15:01:52,299 DEBUG   SenderThread:53598 [sender.py:send_request():405] send_request: poll_exit
2024-06-03 15:01:53,302 DEBUG   HandlerThread:53598 [handler.py:handle_request():158] handle_request: poll_exit
2024-06-03 15:01:53,303 DEBUG   SenderThread:53598 [sender.py:send_request():405] send_request: poll_exit
2024-06-03 15:01:54,304 DEBUG   HandlerThread:53598 [handler.py:handle_request():158] handle_request: poll_exit
2024-06-03 15:01:54,307 DEBUG   HandlerThread:53598 [handler.py:handle_request():158] handle_request: status_report
2024-06-03 15:01:54,308 DEBUG   SenderThread:53598 [sender.py:send_request():405] send_request: poll_exit
2024-06-03 15:01:55,313 DEBUG   HandlerThread:53598 [handler.py:handle_request():158] handle_request: poll_exit
2024-06-03 15:01:55,313 DEBUG   SenderThread:53598 [sender.py:send_request():405] send_request: poll_exit
2024-06-03 15:01:56,315 DEBUG   HandlerThread:53598 [handler.py:handle_request():158] handle_request: poll_exit
2024-06-03 15:01:56,317 DEBUG   SenderThread:53598 [sender.py:send_request():405] send_request: poll_exit
2024-06-03 15:01:57,320 DEBUG   HandlerThread:53598 [handler.py:handle_request():158] handle_request: poll_exit
2024-06-03 15:01:57,320 DEBUG   SenderThread:53598 [sender.py:send_request():405] send_request: poll_exit
2024-06-03 15:01:58,322 DEBUG   HandlerThread:53598 [handler.py:handle_request():158] handle_request: poll_exit
2024-06-03 15:01:58,323 DEBUG   SenderThread:53598 [sender.py:send_request():405] send_request: poll_exit
2024-06-03 15:01:59,329 DEBUG   HandlerThread:53598 [handler.py:handle_request():158] handle_request: status_report
2024-06-03 15:01:59,330 DEBUG   HandlerThread:53598 [handler.py:handle_request():158] handle_request: poll_exit
2024-06-03 15:01:59,330 DEBUG   SenderThread:53598 [sender.py:send_request():405] send_request: poll_exit
2024-06-03 15:02:00,336 DEBUG   HandlerThread:53598 [handler.py:handle_request():158] handle_request: poll_exit
2024-06-03 15:02:00,336 DEBUG   SenderThread:53598 [sender.py:send_request():405] send_request: poll_exit
2024-06-03 15:02:00,671 ERROR   wandb-upload_1:53598 [internal_api.py:upload_file():2738] upload_file exception https://storage.googleapis.com/wandb-production.appspot.com/rwth-ml/gnn_atari/yhf0qtjb/diff.patch?Expires=1717505386&GoogleAccessId=gorilla-files-url-signer-man%40wandb-production.iam.gserviceaccount.com&Signature=eNRw3h7Fdrb6CZMN0Nz10%2Bwj5h%2BkMQ0il0XwJ7QlM00fpxhEb4k8ER1X3EZL1XqaEZJm%2F%2BSoM1oZMqtzaYdmHiqATeLICiM1gBYmvmhwP4Pq02JZ5bhMmi%2BMbWrFVIlgRwKBFdLQa%2BckLezvAay2I2fyHGeGHXBvFFHuqdR5so%2FRgIh5e2d4mQu1kv5fyKB64x%2FCUBhqbMqgYPFoVXGINSMO3DkJ46u%2FRRopxclwG%2BdzaUq6zUw8hKRvPQhcpTbxvJVFq7Ye5ln3DX%2FU9UwIrxOmgFUTvrbaAkgJyqkmKkZzQImSZ5XrTE1%2Ff6aO3me1tN7uX3r1k9Tubveguc7%2Fuw%3D%3D: ('Connection aborted.', RemoteDisconnected('Remote end closed connection without response'))
2024-06-03 15:02:00,671 ERROR   wandb-upload_1:53598 [internal_api.py:upload_file():2740] upload_file request headers: {'User-Agent': 'python-requests/2.32.2', 'Accept-Encoding': 'gzip, deflate', 'Accept': '*/*', 'Connection': 'keep-alive', 'Content-Length': '67466'}
2024-06-03 15:02:00,671 ERROR   wandb-upload_1:53598 [internal_api.py:upload_file():2742] upload_file response body: 
2024-06-03 15:02:01,337 DEBUG   HandlerThread:53598 [handler.py:handle_request():158] handle_request: poll_exit
2024-06-03 15:02:01,338 DEBUG   SenderThread:53598 [sender.py:send_request():405] send_request: poll_exit
2024-06-03 15:02:02,283 INFO    wandb-upload_1:53598 [upload_job.py:push():130] Uploaded file /var/folders/my/7z0rbf091qj03p882sd10h_00000gn/T/tmpjsinu51swandb/gi2ax4fq-diff.patch
2024-06-03 15:02:02,344 DEBUG   HandlerThread:53598 [handler.py:handle_request():158] handle_request: poll_exit
2024-06-03 15:02:02,345 DEBUG   SenderThread:53598 [sender.py:send_request():405] send_request: poll_exit
2024-06-03 15:02:02,491 INFO    Thread-11 (_thread_body):53598 [sender.py:transition_state():613] send defer: 11
2024-06-03 15:02:02,492 DEBUG   HandlerThread:53598 [handler.py:handle_request():158] handle_request: defer
2024-06-03 15:02:02,492 INFO    HandlerThread:53598 [handler.py:handle_request_defer():184] handle defer: 11
2024-06-03 15:02:02,493 DEBUG   SenderThread:53598 [sender.py:send_request():405] send_request: defer
2024-06-03 15:02:02,493 INFO    SenderThread:53598 [sender.py:send_request_defer():609] handle sender defer: 11
2024-06-03 15:02:02,493 INFO    SenderThread:53598 [file_pusher.py:join():175] waiting for file pusher
2024-06-03 15:02:02,495 INFO    SenderThread:53598 [sender.py:transition_state():613] send defer: 12
2024-06-03 15:02:02,495 DEBUG   HandlerThread:53598 [handler.py:handle_request():158] handle_request: defer
2024-06-03 15:02:02,495 INFO    HandlerThread:53598 [handler.py:handle_request_defer():184] handle defer: 12
2024-06-03 15:02:02,496 DEBUG   SenderThread:53598 [sender.py:send_request():405] send_request: defer
2024-06-03 15:02:02,496 INFO    SenderThread:53598 [sender.py:send_request_defer():609] handle sender defer: 12
2024-06-03 15:02:02,496 INFO    SenderThread:53598 [file_stream.py:finish():601] file stream finish called
2024-06-03 15:02:03,346 DEBUG   HandlerThread:53598 [handler.py:handle_request():158] handle_request: poll_exit
2024-06-03 15:02:08,349 WARNING StreamThr :53598 [internal.py:is_dead():413] Internal process exiting, parent pid 53184 disappeared
2024-06-03 15:02:08,350 ERROR   StreamThr :53598 [internal.py:wandb_internal():151] Internal process shutdown.
2024-06-03 15:02:08,365 INFO    WriterThread:53598 [datastore.py:close():296] close: /Users/rishubbhatia/Documents/master thesis/Master-Thesis-GNN/wandb/run-20240603_124421-yhf0qtjb/run-yhf0qtjb.wandb
2024-06-03 15:02:08,370 DEBUG   HandlerThread:53598 [handler.py:handle_request():158] handle_request: keepalive
2024-06-03 15:02:08,370 INFO    HandlerThread:53598 [handler.py:finish():882] shutting down handler
2024-06-03 15:02:13,740 WARNING FileStreamThread:53598 [file_stream.py:request_with_retry():674] requests_with_retry encountered retryable exception: ('Connection aborted.', RemoteDisconnected('Remote end closed connection without response')). func: functools.partial(<bound method Session.post of <requests.sessions.Session object at 0x11f9fed10>>, timeout=180.0), args: ('https://api.wandb.ai/files/rwth-ml/gnn_atari/yhf0qtjb/file_stream',), kwargs: {'json': {'complete': False, 'failed': False, 'dropped': 0, 'uploaded': []}}
2024-06-03 15:02:16,829 INFO    SenderThread:53598 [file_stream.py:finish():605] file stream finish is done
2024-06-03 15:02:16,829 INFO    SenderThread:53598 [sender.py:transition_state():613] send defer: 13
2024-06-03 15:02:16,830 INFO    SenderThread:53598 [sender.py:finish():1545] shutting down sender
2024-06-03 15:02:16,830 INFO    SenderThread:53598 [file_pusher.py:finish():169] shutting down file pusher
2024-06-03 15:02:16,830 INFO    SenderThread:53598 [file_pusher.py:join():175] waiting for file pusher
